<?xml version="1.0" encoding="UTF-8" ?>
<testsuite tests="19" failures="0" name="com.nixsolutions.laboratorysixteen.dao.hibernate.HibernateUserDaoImplTest" time="0.381" errors="0" skipped="0">
  <properties>
[...]
</properties>
  <testcase classname="com.nixsolutions.laboratorysixteen.dao.hibernate.HibernateUserDaoImplTest" name="getAllUsersTest" time="0.075"/>
  <testcase classname="com.nixsolutions.laboratorysixteen.dao.hibernate.HibernateUserDaoImplTest" name="findRoleByIdNullTest" time="0.018"/>
  <testcase classname="com.nixsolutions.laboratorysixteen.dao.hibernate.HibernateUserDaoImplTest" name="getUserByEmailTest" time="0.018"/>
  <testcase classname="com.nixsolutions.laboratorysixteen.dao.hibernate.HibernateUserDaoImplTest" name="getUserByLoginNoSuchLoginTest" time="0.014"/>
  <testcase classname="com.nixsolutions.laboratorysixteen.dao.hibernate.HibernateUserDaoImplTest" name="findRoleByIdTest" time="0.013"/>
  <testcase classname="com.nixsolutions.laboratorysixteen.dao.hibernate.HibernateUserDaoImplTest" name="createUserNullTest" time="0.01"/>
  <testcase classname="com.nixsolutions.laboratorysixteen.dao.hibernate.HibernateUserDaoImplTest" name="getUserByLoginTest" time="0.015"/>
  <testcase classname="com.nixsolutions.laboratorysixteen.dao.hibernate.HibernateUserDaoImplTest" name="updateUserNoSuchUserTest" time="0.028"/>
  <testcase classname="com.nixsolutions.laboratorysixteen.dao.hibernate.HibernateUserDaoImplTest" name="deleteUserNullTest" time="0.014"/>
  <testcase classname="com.nixsolutions.laboratorysixteen.dao.hibernate.HibernateUserDaoImplTest" name="getUserByEmailNullTest" time="0.011"/>
  <testcase classname="com.nixsolutions.laboratorysixteen.dao.hibernate.HibernateUserDaoImplTest" name="updateUserTest" time="0.027"/>
  <testcase classname="com.nixsolutions.laboratorysixteen.dao.hibernate.HibernateUserDaoImplTest" name="updateUserNullTest" time="0.012"/>
  <testcase classname="com.nixsolutions.laboratorysixteen.dao.hibernate.HibernateUserDaoImplTest" name="createUserTest" time="0.031"/>
  <testcase classname="com.nixsolutions.laboratorysixteen.dao.hibernate.HibernateUserDaoImplTest" name="isPasswordExistTest" time="0.02"/>
  <testcase classname="com.nixsolutions.laboratorysixteen.dao.hibernate.HibernateUserDaoImplTest" name="isPasswordExistFalseTest" time="0.012"/>
  <testcase classname="com.nixsolutions.laboratorysixteen.dao.hibernate.HibernateUserDaoImplTest" name="findRoleByIdNoSuchRoleTest" time="0.016"/>
  <testcase classname="com.nixsolutions.laboratorysixteen.dao.hibernate.HibernateUserDaoImplTest" name="getUserByLoginNullTest" time="0.009"/>
  <testcase classname="com.nixsolutions.laboratorysixteen.dao.hibernate.HibernateUserDaoImplTest" name="getUserByEmailNoSuchEmailTest" time="0.016"/>
  <testcase classname="com.nixsolutions.laboratorysixteen.dao.hibernate.HibernateUserDaoImplTest" name="deleteUserTest" time="0.022"/>
</testsuite>