<?xml version="1.0" encoding="UTF-8"?>
<checkstyle version="6.11.2">
<file name="/Users/grigoriy/Documents/workspace/laboratorysixteen/src/main/java/com/nixsolutions/laboratorysixteen/Constants.java">
<error line="0" severity="error" message="Missing package-info.java file." source="com.puppycrawl.tools.checkstyle.checks.javadoc.JavadocPackageCheck"/>
<error line="3" severity="error" message="Missing a Javadoc comment." source="com.puppycrawl.tools.checkstyle.checks.javadoc.JavadocTypeCheck"/>
<error line="3" column="1" severity="error" message="Utility classes should not have a public or default constructor." source="com.puppycrawl.tools.checkstyle.checks.design.HideUtilityClassConstructorCheck"/>
<error line="5" column="1" severity="error" message="File contains tab characters (this is the first instance)." source="com.puppycrawl.tools.checkstyle.checks.whitespace.FileTabCharacterCheck"/>
<error line="5" column="9" severity="error" message="Missing a Javadoc comment." source="com.puppycrawl.tools.checkstyle.checks.javadoc.JavadocVariableCheck"/>
<error line="6" severity="error" message="Line is longer than 80 characters (found 87)." source="com.puppycrawl.tools.checkstyle.checks.sizes.LineLengthCheck"/>
<error line="6" column="9" severity="error" message="Missing a Javadoc comment." source="com.puppycrawl.tools.checkstyle.checks.javadoc.JavadocVariableCheck"/>
<error line="7" column="9" severity="error" message="Missing a Javadoc comment." source="com.puppycrawl.tools.checkstyle.checks.javadoc.JavadocVariableCheck"/>
<error line="8" severity="error" message="Line is longer than 80 characters (found 142)." source="com.puppycrawl.tools.checkstyle.checks.sizes.LineLengthCheck"/>
<error line="8" column="9" severity="error" message="Missing a Javadoc comment." source="com.puppycrawl.tools.checkstyle.checks.javadoc.JavadocVariableCheck"/>
<error line="9" severity="error" message="Line is longer than 80 characters (found 104)." source="com.puppycrawl.tools.checkstyle.checks.sizes.LineLengthCheck"/>
<error line="9" column="9" severity="error" message="Missing a Javadoc comment." source="com.puppycrawl.tools.checkstyle.checks.javadoc.JavadocVariableCheck"/>
<error line="10" column="9" severity="error" message="Missing a Javadoc comment." source="com.puppycrawl.tools.checkstyle.checks.javadoc.JavadocVariableCheck"/>
<error line="11" column="9" severity="error" message="Missing a Javadoc comment." source="com.puppycrawl.tools.checkstyle.checks.javadoc.JavadocVariableCheck"/>
<error line="12" severity="error" message="Line is longer than 80 characters (found 83)." source="com.puppycrawl.tools.checkstyle.checks.sizes.LineLengthCheck"/>
<error line="12" column="9" severity="error" message="Missing a Javadoc comment." source="com.puppycrawl.tools.checkstyle.checks.javadoc.JavadocVariableCheck"/>
<error line="13" severity="error" message="Line is longer than 80 characters (found 109)." source="com.puppycrawl.tools.checkstyle.checks.sizes.LineLengthCheck"/>
<error line="13" column="9" severity="error" message="Missing a Javadoc comment." source="com.puppycrawl.tools.checkstyle.checks.javadoc.JavadocVariableCheck"/>
<error line="14" column="9" severity="error" message="Missing a Javadoc comment." source="com.puppycrawl.tools.checkstyle.checks.javadoc.JavadocVariableCheck"/>
</file>
<file name="/Users/grigoriy/Documents/workspace/laboratorysixteen/src/main/java/com/nixsolutions/laboratorysixteen/dao/hibernate/HibernateRoleDaoImpl.java">
<error line="0" severity="error" message="File does not end with a newline." source="com.puppycrawl.tools.checkstyle.checks.NewlineAtEndOfFileCheck"/>
<error line="0" severity="error" message="Missing package-info.java file." source="com.puppycrawl.tools.checkstyle.checks.javadoc.JavadocPackageCheck"/>
<error line="15" severity="error" message="Missing a Javadoc comment." source="com.puppycrawl.tools.checkstyle.checks.javadoc.JavadocTypeCheck"/>
<error line="16" column="1" severity="error" message="File contains tab characters (this is the first instance)." source="com.puppycrawl.tools.checkstyle.checks.whitespace.FileTabCharacterCheck"/>
<error line="16" column="9" severity="error" message="Missing a Javadoc comment." source="com.puppycrawl.tools.checkstyle.checks.javadoc.JavadocVariableCheck"/>
<error line="17" severity="error" message="Line is longer than 80 characters (found 92)." source="com.puppycrawl.tools.checkstyle.checks.sizes.LineLengthCheck"/>
<error line="17" column="9" severity="error" message="Missing a Javadoc comment." source="com.puppycrawl.tools.checkstyle.checks.javadoc.JavadocVariableCheck"/>
<error line="18" severity="error" message="Line is longer than 80 characters (found 93)." source="com.puppycrawl.tools.checkstyle.checks.sizes.LineLengthCheck"/>
<error line="18" column="9" severity="error" message="Missing a Javadoc comment." source="com.puppycrawl.tools.checkstyle.checks.javadoc.JavadocVariableCheck"/>
<error line="19" severity="error" message="Line is longer than 80 characters (found 94)." source="com.puppycrawl.tools.checkstyle.checks.sizes.LineLengthCheck"/>
<error line="19" column="9" severity="error" message="Missing a Javadoc comment." source="com.puppycrawl.tools.checkstyle.checks.javadoc.JavadocVariableCheck"/>
<error line="19" column="23" severity="error" message="&apos;static&apos; modifier out of order with the JLS suggestions." source="com.puppycrawl.tools.checkstyle.checks.modifier.ModifierOrderCheck"/>
<error line="21" column="9" severity="error" message="Method &apos;create&apos; is not designed for extension - needs to be abstract, final or empty." source="com.puppycrawl.tools.checkstyle.checks.design.DesignForExtensionCheck"/>
<error line="22" column="28" severity="error" message="Parameter role should be final." source="com.puppycrawl.tools.checkstyle.checks.FinalParametersCheck"/>
<error line="27" severity="error" message="Line is longer than 80 characters (found 92)." source="com.puppycrawl.tools.checkstyle.checks.sizes.LineLengthCheck"/>
<error line="42" column="9" severity="error" message="Method &apos;update&apos; is not designed for extension - needs to be abstract, final or empty." source="com.puppycrawl.tools.checkstyle.checks.design.DesignForExtensionCheck"/>
<error line="43" column="28" severity="error" message="Parameter role should be final." source="com.puppycrawl.tools.checkstyle.checks.FinalParametersCheck"/>
<error line="45" severity="error" message="Line is longer than 80 characters (found 83)." source="com.puppycrawl.tools.checkstyle.checks.sizes.LineLengthCheck"/>
<error line="49" severity="error" message="Line is longer than 80 characters (found 92)." source="com.puppycrawl.tools.checkstyle.checks.sizes.LineLengthCheck"/>
<error line="64" column="9" severity="error" message="Method &apos;remove&apos; is not designed for extension - needs to be abstract, final or empty." source="com.puppycrawl.tools.checkstyle.checks.design.DesignForExtensionCheck"/>
<error line="65" column="28" severity="error" message="Parameter role should be final." source="com.puppycrawl.tools.checkstyle.checks.FinalParametersCheck"/>
<error line="67" severity="error" message="Line is longer than 80 characters (found 83)." source="com.puppycrawl.tools.checkstyle.checks.sizes.LineLengthCheck"/>
<error line="71" severity="error" message="Line is longer than 80 characters (found 92)." source="com.puppycrawl.tools.checkstyle.checks.sizes.LineLengthCheck"/>
<error line="86" column="9" severity="error" message="Method &apos;findAll&apos; is not designed for extension - needs to be abstract, final or empty." source="com.puppycrawl.tools.checkstyle.checks.design.DesignForExtensionCheck"/>
<error line="89" severity="error" message="Line is longer than 80 characters (found 92)." source="com.puppycrawl.tools.checkstyle.checks.sizes.LineLengthCheck"/>
<error line="95" column="9" severity="error" message="Method &apos;findByName&apos; is not designed for extension - needs to be abstract, final or empty." source="com.puppycrawl.tools.checkstyle.checks.design.DesignForExtensionCheck"/>
<error line="96" column="32" severity="error" message="Parameter name should be final." source="com.puppycrawl.tools.checkstyle.checks.FinalParametersCheck"/>
<error line="98" severity="error" message="Line is longer than 80 characters (found 83)." source="com.puppycrawl.tools.checkstyle.checks.sizes.LineLengthCheck"/>
<error line="102" severity="error" message="Line is longer than 80 characters (found 92)." source="com.puppycrawl.tools.checkstyle.checks.sizes.LineLengthCheck"/>
<error line="111" column="9" severity="error" message="Method &apos;findRoleById&apos; is not designed for extension - needs to be abstract, final or empty." source="com.puppycrawl.tools.checkstyle.checks.design.DesignForExtensionCheck"/>
<error line="112" column="34" severity="error" message="Parameter id should be final." source="com.puppycrawl.tools.checkstyle.checks.FinalParametersCheck"/>
<error line="114" severity="error" message="Line is longer than 80 characters (found 92)." source="com.puppycrawl.tools.checkstyle.checks.sizes.LineLengthCheck"/>
</file>
<file name="/Users/grigoriy/Documents/workspace/laboratorysixteen/src/main/java/com/nixsolutions/laboratorysixteen/dao/hibernate/HibernateUserDaoImpl.java">
<error line="0" severity="error" message="File does not end with a newline." source="com.puppycrawl.tools.checkstyle.checks.NewlineAtEndOfFileCheck"/>
<error line="13" column="1" severity="error" message="Redundant import from the same package - com.nixsolutions.laboratorysixteen.dao.hibernate.HibernateUserDaoImpl." source="com.puppycrawl.tools.checkstyle.checks.imports.RedundantImportCheck"/>
<error line="17" severity="error" message="Missing a Javadoc comment." source="com.puppycrawl.tools.checkstyle.checks.javadoc.JavadocTypeCheck"/>
<error line="19" severity="error" message="Line is longer than 80 characters (found 130)." source="com.puppycrawl.tools.checkstyle.checks.sizes.LineLengthCheck"/>
<error line="19" column="1" severity="error" message="File contains tab characters (this is the first instance)." source="com.puppycrawl.tools.checkstyle.checks.whitespace.FileTabCharacterCheck"/>
<error line="19" column="9" severity="error" message="Missing a Javadoc comment." source="com.puppycrawl.tools.checkstyle.checks.javadoc.JavadocVariableCheck"/>
<error line="20" severity="error" message="Line is longer than 80 characters (found 96)." source="com.puppycrawl.tools.checkstyle.checks.sizes.LineLengthCheck"/>
<error line="20" column="9" severity="error" message="Missing a Javadoc comment." source="com.puppycrawl.tools.checkstyle.checks.javadoc.JavadocVariableCheck"/>
<error line="21" severity="error" message="Line is longer than 80 characters (found 96)." source="com.puppycrawl.tools.checkstyle.checks.sizes.LineLengthCheck"/>
<error line="21" column="9" severity="error" message="Missing a Javadoc comment." source="com.puppycrawl.tools.checkstyle.checks.javadoc.JavadocVariableCheck"/>
<error line="22" column="9" severity="error" message="Missing a Javadoc comment." source="com.puppycrawl.tools.checkstyle.checks.javadoc.JavadocVariableCheck"/>
<error line="23" severity="error" message="Line is longer than 80 characters (found 87)." source="com.puppycrawl.tools.checkstyle.checks.sizes.LineLengthCheck"/>
<error line="23" column="9" severity="error" message="Missing a Javadoc comment." source="com.puppycrawl.tools.checkstyle.checks.javadoc.JavadocVariableCheck"/>
<error line="24" severity="error" message="Line is longer than 80 characters (found 94)." source="com.puppycrawl.tools.checkstyle.checks.sizes.LineLengthCheck"/>
<error line="24" column="9" severity="error" message="Missing a Javadoc comment." source="com.puppycrawl.tools.checkstyle.checks.javadoc.JavadocVariableCheck"/>
<error line="24" column="23" severity="error" message="&apos;static&apos; modifier out of order with the JLS suggestions." source="com.puppycrawl.tools.checkstyle.checks.modifier.ModifierOrderCheck"/>
<error line="26" column="9" severity="error" message="Method &apos;create&apos; is not designed for extension - needs to be abstract, final or empty." source="com.puppycrawl.tools.checkstyle.checks.design.DesignForExtensionCheck"/>
<error line="27" column="28" severity="error" message="Parameter user should be final." source="com.puppycrawl.tools.checkstyle.checks.FinalParametersCheck"/>
<error line="29" severity="error" message="Line is longer than 80 characters (found 83)." source="com.puppycrawl.tools.checkstyle.checks.sizes.LineLengthCheck"/>
<error line="33" severity="error" message="Line is longer than 80 characters (found 92)." source="com.puppycrawl.tools.checkstyle.checks.sizes.LineLengthCheck"/>
<error line="48" column="9" severity="error" message="Method &apos;update&apos; is not designed for extension - needs to be abstract, final or empty." source="com.puppycrawl.tools.checkstyle.checks.design.DesignForExtensionCheck"/>
<error line="49" column="28" severity="error" message="Parameter user should be final." source="com.puppycrawl.tools.checkstyle.checks.FinalParametersCheck"/>
<error line="51" severity="error" message="Line is longer than 80 characters (found 83)." source="com.puppycrawl.tools.checkstyle.checks.sizes.LineLengthCheck"/>
<error line="55" severity="error" message="Line is longer than 80 characters (found 92)." source="com.puppycrawl.tools.checkstyle.checks.sizes.LineLengthCheck"/>
<error line="70" column="9" severity="error" message="Method &apos;remove&apos; is not designed for extension - needs to be abstract, final or empty." source="com.puppycrawl.tools.checkstyle.checks.design.DesignForExtensionCheck"/>
<error line="71" column="28" severity="error" message="Parameter user should be final." source="com.puppycrawl.tools.checkstyle.checks.FinalParametersCheck"/>
<error line="73" severity="error" message="Line is longer than 80 characters (found 83)." source="com.puppycrawl.tools.checkstyle.checks.sizes.LineLengthCheck"/>
<error line="77" severity="error" message="Line is longer than 80 characters (found 92)." source="com.puppycrawl.tools.checkstyle.checks.sizes.LineLengthCheck"/>
<error line="91" severity="error" message="Line has trailing spaces." source="com.puppycrawl.tools.checkstyle.checks.regexp.RegexpSinglelineCheck"/>
<error line="92" column="9" severity="error" message="Method &apos;findUserById&apos; is not designed for extension - needs to be abstract, final or empty." source="com.puppycrawl.tools.checkstyle.checks.design.DesignForExtensionCheck"/>
<error line="93" column="34" severity="error" message="Parameter id should be final." source="com.puppycrawl.tools.checkstyle.checks.FinalParametersCheck"/>
<error line="95" severity="error" message="Line is longer than 80 characters (found 92)." source="com.puppycrawl.tools.checkstyle.checks.sizes.LineLengthCheck"/>
<error line="103" severity="error" message="Line has trailing spaces." source="com.puppycrawl.tools.checkstyle.checks.regexp.RegexpSinglelineCheck"/>
<error line="104" column="9" severity="error" message="Method &apos;findAll&apos; is not designed for extension - needs to be abstract, final or empty." source="com.puppycrawl.tools.checkstyle.checks.design.DesignForExtensionCheck"/>
<error line="107" severity="error" message="Line is longer than 80 characters (found 92)." source="com.puppycrawl.tools.checkstyle.checks.sizes.LineLengthCheck"/>
<error line="113" column="9" severity="error" message="Method &apos;findByLogin&apos; is not designed for extension - needs to be abstract, final or empty." source="com.puppycrawl.tools.checkstyle.checks.design.DesignForExtensionCheck"/>
<error line="114" column="33" severity="error" message="Parameter login should be final." source="com.puppycrawl.tools.checkstyle.checks.FinalParametersCheck"/>
<error line="116" severity="error" message="Line is longer than 80 characters (found 84)." source="com.puppycrawl.tools.checkstyle.checks.sizes.LineLengthCheck"/>
<error line="120" severity="error" message="Line is longer than 80 characters (found 92)." source="com.puppycrawl.tools.checkstyle.checks.sizes.LineLengthCheck"/>
<error line="129" column="9" severity="error" message="Method &apos;findByEmail&apos; is not designed for extension - needs to be abstract, final or empty." source="com.puppycrawl.tools.checkstyle.checks.design.DesignForExtensionCheck"/>
<error line="130" column="33" severity="error" message="Parameter email should be final." source="com.puppycrawl.tools.checkstyle.checks.FinalParametersCheck"/>
<error line="132" severity="error" message="Line is longer than 80 characters (found 84)." source="com.puppycrawl.tools.checkstyle.checks.sizes.LineLengthCheck"/>
<error line="136" severity="error" message="Line is longer than 80 characters (found 92)." source="com.puppycrawl.tools.checkstyle.checks.sizes.LineLengthCheck"/>
<error line="145" column="9" severity="error" message="Method &apos;isPasswordExist&apos; is not designed for extension - needs to be abstract, final or empty." source="com.puppycrawl.tools.checkstyle.checks.design.DesignForExtensionCheck"/>
<error line="146" column="40" severity="error" message="Parameter login should be final." source="com.puppycrawl.tools.checkstyle.checks.FinalParametersCheck"/>
<error line="146" column="54" severity="error" message="Parameter password should be final." source="com.puppycrawl.tools.checkstyle.checks.FinalParametersCheck"/>
<error line="148" severity="error" message="Line is longer than 80 characters (found 83)." source="com.puppycrawl.tools.checkstyle.checks.sizes.LineLengthCheck"/>
<error line="151" severity="error" message="Line is longer than 80 characters (found 92)." source="com.puppycrawl.tools.checkstyle.checks.sizes.LineLengthCheck"/>
</file>
<file name="/Users/grigoriy/Documents/workspace/laboratorysixteen/src/main/java/com/nixsolutions/laboratorysixteen/dao/RoleDao.java">
<error line="0" severity="error" message="Missing package-info.java file." source="com.puppycrawl.tools.checkstyle.checks.javadoc.JavadocPackageCheck"/>
<error line="7" severity="error" message="Missing a Javadoc comment." source="com.puppycrawl.tools.checkstyle.checks.javadoc.JavadocTypeCheck"/>
<error line="9" column="1" severity="error" message="File contains tab characters (this is the first instance)." source="com.puppycrawl.tools.checkstyle.checks.whitespace.FileTabCharacterCheck"/>
<error line="9" column="9" severity="error" message="Missing a Javadoc comment." source="com.puppycrawl.tools.checkstyle.checks.javadoc.JavadocMethodCheck"/>
<error line="9" column="9" severity="error" message="Redundant &apos;public&apos; modifier." source="com.puppycrawl.tools.checkstyle.checks.modifier.RedundantModifierCheck"/>
<error line="11" column="9" severity="error" message="Missing a Javadoc comment." source="com.puppycrawl.tools.checkstyle.checks.javadoc.JavadocMethodCheck"/>
<error line="11" column="9" severity="error" message="Redundant &apos;public&apos; modifier." source="com.puppycrawl.tools.checkstyle.checks.modifier.RedundantModifierCheck"/>
<error line="13" column="9" severity="error" message="Missing a Javadoc comment." source="com.puppycrawl.tools.checkstyle.checks.javadoc.JavadocMethodCheck"/>
<error line="13" column="9" severity="error" message="Redundant &apos;public&apos; modifier." source="com.puppycrawl.tools.checkstyle.checks.modifier.RedundantModifierCheck"/>
<error line="15" column="9" severity="error" message="Missing a Javadoc comment." source="com.puppycrawl.tools.checkstyle.checks.javadoc.JavadocMethodCheck"/>
<error line="15" column="9" severity="error" message="Redundant &apos;public&apos; modifier." source="com.puppycrawl.tools.checkstyle.checks.modifier.RedundantModifierCheck"/>
<error line="17" column="9" severity="error" message="Missing a Javadoc comment." source="com.puppycrawl.tools.checkstyle.checks.javadoc.JavadocMethodCheck"/>
<error line="17" column="9" severity="error" message="Redundant &apos;public&apos; modifier." source="com.puppycrawl.tools.checkstyle.checks.modifier.RedundantModifierCheck"/>
<error line="19" column="9" severity="error" message="Missing a Javadoc comment." source="com.puppycrawl.tools.checkstyle.checks.javadoc.JavadocMethodCheck"/>
</file>
<file name="/Users/grigoriy/Documents/workspace/laboratorysixteen/src/main/java/com/nixsolutions/laboratorysixteen/dao/UserDao.java">
<error line="7" severity="error" message="Missing a Javadoc comment." source="com.puppycrawl.tools.checkstyle.checks.javadoc.JavadocTypeCheck"/>
<error line="9" column="1" severity="error" message="File contains tab characters (this is the first instance)." source="com.puppycrawl.tools.checkstyle.checks.whitespace.FileTabCharacterCheck"/>
<error line="9" column="9" severity="error" message="Missing a Javadoc comment." source="com.puppycrawl.tools.checkstyle.checks.javadoc.JavadocMethodCheck"/>
<error line="9" column="9" severity="error" message="Redundant &apos;public&apos; modifier." source="com.puppycrawl.tools.checkstyle.checks.modifier.RedundantModifierCheck"/>
<error line="11" column="9" severity="error" message="Missing a Javadoc comment." source="com.puppycrawl.tools.checkstyle.checks.javadoc.JavadocMethodCheck"/>
<error line="11" column="9" severity="error" message="Redundant &apos;public&apos; modifier." source="com.puppycrawl.tools.checkstyle.checks.modifier.RedundantModifierCheck"/>
<error line="13" column="9" severity="error" message="Missing a Javadoc comment." source="com.puppycrawl.tools.checkstyle.checks.javadoc.JavadocMethodCheck"/>
<error line="13" column="9" severity="error" message="Redundant &apos;public&apos; modifier." source="com.puppycrawl.tools.checkstyle.checks.modifier.RedundantModifierCheck"/>
<error line="15" column="9" severity="error" message="Missing a Javadoc comment." source="com.puppycrawl.tools.checkstyle.checks.javadoc.JavadocMethodCheck"/>
<error line="15" column="9" severity="error" message="Redundant &apos;public&apos; modifier." source="com.puppycrawl.tools.checkstyle.checks.modifier.RedundantModifierCheck"/>
<error line="17" column="9" severity="error" message="Missing a Javadoc comment." source="com.puppycrawl.tools.checkstyle.checks.javadoc.JavadocMethodCheck"/>
<error line="17" column="9" severity="error" message="Redundant &apos;public&apos; modifier." source="com.puppycrawl.tools.checkstyle.checks.modifier.RedundantModifierCheck"/>
<error line="19" column="9" severity="error" message="Missing a Javadoc comment." source="com.puppycrawl.tools.checkstyle.checks.javadoc.JavadocMethodCheck"/>
<error line="19" column="9" severity="error" message="Redundant &apos;public&apos; modifier." source="com.puppycrawl.tools.checkstyle.checks.modifier.RedundantModifierCheck"/>
<error line="21" column="9" severity="error" message="Missing a Javadoc comment." source="com.puppycrawl.tools.checkstyle.checks.javadoc.JavadocMethodCheck"/>
<error line="21" column="9" severity="error" message="Redundant &apos;public&apos; modifier." source="com.puppycrawl.tools.checkstyle.checks.modifier.RedundantModifierCheck"/>
<error line="22" severity="error" message="Line has trailing spaces." source="com.puppycrawl.tools.checkstyle.checks.regexp.RegexpSinglelineCheck"/>
<error line="23" column="9" severity="error" message="Missing a Javadoc comment." source="com.puppycrawl.tools.checkstyle.checks.javadoc.JavadocMethodCheck"/>
<error line="23" column="9" severity="error" message="Redundant &apos;public&apos; modifier." source="com.puppycrawl.tools.checkstyle.checks.modifier.RedundantModifierCheck"/>
</file>
<file name="/Users/grigoriy/Documents/workspace/laboratorysixteen/src/main/java/com/nixsolutions/laboratorysixteen/entity/converter/LocalDateConverter.java">
<error line="0" severity="error" message="File does not end with a newline." source="com.puppycrawl.tools.checkstyle.checks.NewlineAtEndOfFileCheck"/>
<error line="0" severity="error" message="Missing package-info.java file." source="com.puppycrawl.tools.checkstyle.checks.javadoc.JavadocPackageCheck"/>
<error line="9" severity="error" message="Missing a Javadoc comment." source="com.puppycrawl.tools.checkstyle.checks.javadoc.JavadocTypeCheck"/>
<error line="11" severity="error" message="Line has trailing spaces." source="com.puppycrawl.tools.checkstyle.checks.regexp.RegexpSinglelineCheck"/>
<error line="11" column="1" severity="error" message="File contains tab characters (this is the first instance)." source="com.puppycrawl.tools.checkstyle.checks.whitespace.FileTabCharacterCheck"/>
<error line="12" column="5" severity="error" message="Method &apos;convertToDatabaseColumn&apos; is not designed for extension - needs to be abstract, final or empty." source="com.puppycrawl.tools.checkstyle.checks.design.DesignForExtensionCheck"/>
<error line="13" column="41" severity="error" message="Parameter locDate should be final." source="com.puppycrawl.tools.checkstyle.checks.FinalParametersCheck"/>
<error line="14" column="33" severity="error" message="Avoid inline conditionals." source="com.puppycrawl.tools.checkstyle.checks.coding.AvoidInlineConditionalsCheck"/>
<error line="17" column="5" severity="error" message="Method &apos;convertToEntityAttribute&apos; is not designed for extension - needs to be abstract, final or empty." source="com.puppycrawl.tools.checkstyle.checks.design.DesignForExtensionCheck"/>
<error line="18" column="47" severity="error" message="Parameter sqlDate should be final." source="com.puppycrawl.tools.checkstyle.checks.FinalParametersCheck"/>
<error line="19" column="33" severity="error" message="Avoid inline conditionals." source="com.puppycrawl.tools.checkstyle.checks.coding.AvoidInlineConditionalsCheck"/>
</file>
<file name="/Users/grigoriy/Documents/workspace/laboratorysixteen/src/main/java/com/nixsolutions/laboratorysixteen/entity/Role.java">
<error line="0" severity="error" message="File does not end with a newline." source="com.puppycrawl.tools.checkstyle.checks.NewlineAtEndOfFileCheck"/>
<error line="0" severity="error" message="Missing package-info.java file." source="com.puppycrawl.tools.checkstyle.checks.javadoc.JavadocPackageCheck"/>
<error line="10" severity="error" message="Missing a Javadoc comment." source="com.puppycrawl.tools.checkstyle.checks.javadoc.JavadocTypeCheck"/>
<error line="14" column="1" severity="error" message="File contains tab characters (this is the first instance)." source="com.puppycrawl.tools.checkstyle.checks.whitespace.FileTabCharacterCheck"/>
<error line="14" column="9" severity="error" message="Missing a Javadoc comment." source="com.puppycrawl.tools.checkstyle.checks.javadoc.JavadocVariableCheck"/>
<error line="15" column="9" severity="error" message="Missing a Javadoc comment." source="com.puppycrawl.tools.checkstyle.checks.javadoc.JavadocVariableCheck"/>
<error line="17" column="9" severity="error" message="Missing a Javadoc comment." source="com.puppycrawl.tools.checkstyle.checks.javadoc.JavadocMethodCheck"/>
<error line="20" column="9" severity="error" message="Missing a Javadoc comment." source="com.puppycrawl.tools.checkstyle.checks.javadoc.JavadocMethodCheck"/>
<error line="20" column="21" severity="error" message="Parameter parseLong should be final." source="com.puppycrawl.tools.checkstyle.checks.FinalParametersCheck"/>
<error line="24" column="9" severity="error" message="Method &apos;getId&apos; is not designed for extension - needs to be abstract, final or empty." source="com.puppycrawl.tools.checkstyle.checks.design.DesignForExtensionCheck"/>
<error line="24" column="9" severity="error" message="Missing a Javadoc comment." source="com.puppycrawl.tools.checkstyle.checks.javadoc.JavadocMethodCheck"/>
<error line="25" severity="error" message="Line has trailing spaces." source="com.puppycrawl.tools.checkstyle.checks.regexp.RegexpSinglelineCheck"/>
<error line="31" column="9" severity="error" message="Method &apos;setId&apos; is not designed for extension - needs to be abstract, final or empty." source="com.puppycrawl.tools.checkstyle.checks.design.DesignForExtensionCheck"/>
<error line="31" column="9" severity="error" message="Missing a Javadoc comment." source="com.puppycrawl.tools.checkstyle.checks.javadoc.JavadocMethodCheck"/>
<error line="31" column="27" severity="error" message="Parameter id should be final." source="com.puppycrawl.tools.checkstyle.checks.FinalParametersCheck"/>
<error line="31" column="32" severity="error" message="&apos;id&apos; hides a field." source="com.puppycrawl.tools.checkstyle.checks.coding.HiddenFieldCheck"/>
<error line="35" column="9" severity="error" message="Method &apos;getName&apos; is not designed for extension - needs to be abstract, final or empty." source="com.puppycrawl.tools.checkstyle.checks.design.DesignForExtensionCheck"/>
<error line="35" column="9" severity="error" message="Missing a Javadoc comment." source="com.puppycrawl.tools.checkstyle.checks.javadoc.JavadocMethodCheck"/>
<error line="40" column="9" severity="error" message="Method &apos;hashCode&apos; is not designed for extension - needs to be abstract, final or empty." source="com.puppycrawl.tools.checkstyle.checks.design.DesignForExtensionCheck"/>
<error line="44" column="63" severity="error" message="&apos;32&apos; is a magic number." source="com.puppycrawl.tools.checkstyle.checks.coding.MagicNumberCheck"/>
<error line="45" severity="error" message="Line is longer than 80 characters (found 81)." source="com.puppycrawl.tools.checkstyle.checks.sizes.LineLengthCheck"/>
<error line="45" column="59" severity="error" message="Avoid inline conditionals." source="com.puppycrawl.tools.checkstyle.checks.coding.AvoidInlineConditionalsCheck"/>
<error line="49" column="9" severity="error" message="Method &apos;equals&apos; is not designed for extension - needs to be abstract, final or empty." source="com.puppycrawl.tools.checkstyle.checks.design.DesignForExtensionCheck"/>
<error line="50" column="31" severity="error" message="Parameter obj should be final." source="com.puppycrawl.tools.checkstyle.checks.FinalParametersCheck"/>
<error line="51" severity="error" message="&apos;if&apos; construct must use &apos;{}&apos;s." source="com.puppycrawl.tools.checkstyle.checks.blocks.NeedBracesCheck"/>
<error line="53" severity="error" message="&apos;if&apos; construct must use &apos;{}&apos;s." source="com.puppycrawl.tools.checkstyle.checks.blocks.NeedBracesCheck"/>
<error line="55" severity="error" message="&apos;if&apos; construct must use &apos;{}&apos;s." source="com.puppycrawl.tools.checkstyle.checks.blocks.NeedBracesCheck"/>
<error line="58" severity="error" message="&apos;if&apos; construct must use &apos;{}&apos;s." source="com.puppycrawl.tools.checkstyle.checks.blocks.NeedBracesCheck"/>
<error line="61" severity="error" message="&apos;if&apos; construct must use &apos;{}&apos;s." source="com.puppycrawl.tools.checkstyle.checks.blocks.NeedBracesCheck"/>
<error line="63" severity="error" message="&apos;if&apos; construct must use &apos;{}&apos;s." source="com.puppycrawl.tools.checkstyle.checks.blocks.NeedBracesCheck"/>
<error line="68" column="9" severity="error" message="Method &apos;setName&apos; is not designed for extension - needs to be abstract, final or empty." source="com.puppycrawl.tools.checkstyle.checks.design.DesignForExtensionCheck"/>
<error line="68" column="9" severity="error" message="Missing a Javadoc comment." source="com.puppycrawl.tools.checkstyle.checks.javadoc.JavadocMethodCheck"/>
<error line="68" column="29" severity="error" message="Parameter name should be final." source="com.puppycrawl.tools.checkstyle.checks.FinalParametersCheck"/>
<error line="68" column="36" severity="error" message="&apos;name&apos; hides a field." source="com.puppycrawl.tools.checkstyle.checks.coding.HiddenFieldCheck"/>
</file>
<file name="/Users/grigoriy/Documents/workspace/laboratorysixteen/src/main/java/com/nixsolutions/laboratorysixteen/entity/User.java">
<error line="0" severity="error" message="File does not end with a newline." source="com.puppycrawl.tools.checkstyle.checks.NewlineAtEndOfFileCheck"/>
<error line="18" severity="error" message="Missing a Javadoc comment." source="com.puppycrawl.tools.checkstyle.checks.javadoc.JavadocTypeCheck"/>
<error line="22" column="1" severity="error" message="File contains tab characters (this is the first instance)." source="com.puppycrawl.tools.checkstyle.checks.whitespace.FileTabCharacterCheck"/>
<error line="22" column="9" severity="error" message="Missing a Javadoc comment." source="com.puppycrawl.tools.checkstyle.checks.javadoc.JavadocVariableCheck"/>
<error line="23" column="9" severity="error" message="Missing a Javadoc comment." source="com.puppycrawl.tools.checkstyle.checks.javadoc.JavadocVariableCheck"/>
<error line="24" column="9" severity="error" message="Missing a Javadoc comment." source="com.puppycrawl.tools.checkstyle.checks.javadoc.JavadocVariableCheck"/>
<error line="25" column="9" severity="error" message="Missing a Javadoc comment." source="com.puppycrawl.tools.checkstyle.checks.javadoc.JavadocVariableCheck"/>
<error line="26" column="9" severity="error" message="Missing a Javadoc comment." source="com.puppycrawl.tools.checkstyle.checks.javadoc.JavadocVariableCheck"/>
<error line="27" column="9" severity="error" message="Missing a Javadoc comment." source="com.puppycrawl.tools.checkstyle.checks.javadoc.JavadocVariableCheck"/>
<error line="28" column="9" severity="error" message="Missing a Javadoc comment." source="com.puppycrawl.tools.checkstyle.checks.javadoc.JavadocVariableCheck"/>
<error line="29" column="9" severity="error" message="Missing a Javadoc comment." source="com.puppycrawl.tools.checkstyle.checks.javadoc.JavadocVariableCheck"/>
<error line="30" column="9" severity="error" message="Missing a Javadoc comment." source="com.puppycrawl.tools.checkstyle.checks.javadoc.JavadocVariableCheck"/>
<error line="32" column="9" severity="error" message="Method &apos;setAge&apos; is not designed for extension - needs to be abstract, final or empty." source="com.puppycrawl.tools.checkstyle.checks.design.DesignForExtensionCheck"/>
<error line="32" column="9" severity="error" message="Missing a Javadoc comment." source="com.puppycrawl.tools.checkstyle.checks.javadoc.JavadocMethodCheck"/>
<error line="32" column="28" severity="error" message="Parameter age should be final." source="com.puppycrawl.tools.checkstyle.checks.FinalParametersCheck"/>
<error line="32" column="32" severity="error" message="&apos;age&apos; hides a field." source="com.puppycrawl.tools.checkstyle.checks.coding.HiddenFieldCheck"/>
<error line="36" column="9" severity="error" message="Missing a Javadoc comment." source="com.puppycrawl.tools.checkstyle.checks.javadoc.JavadocMethodCheck"/>
<error line="39" severity="error" message="Line is longer than 80 characters (found 108)." source="com.puppycrawl.tools.checkstyle.checks.sizes.LineLengthCheck"/>
<error line="39" column="9" severity="error" message="Missing a Javadoc comment." source="com.puppycrawl.tools.checkstyle.checks.javadoc.JavadocMethodCheck"/>
<error line="39" column="16" severity="error" message="More than 7 parameters (found 8)." source="com.puppycrawl.tools.checkstyle.checks.sizes.ParameterNumberCheck"/>
<error line="39" column="21" severity="error" message="Parameter id should be final." source="com.puppycrawl.tools.checkstyle.checks.FinalParametersCheck"/>
<error line="39" column="26" severity="error" message="&apos;id&apos; hides a field." source="com.puppycrawl.tools.checkstyle.checks.coding.HiddenFieldCheck"/>
<error line="39" column="30" severity="error" message="Parameter login should be final." source="com.puppycrawl.tools.checkstyle.checks.FinalParametersCheck"/>
<error line="39" column="37" severity="error" message="&apos;login&apos; hides a field." source="com.puppycrawl.tools.checkstyle.checks.coding.HiddenFieldCheck"/>
<error line="39" column="44" severity="error" message="Parameter password should be final." source="com.puppycrawl.tools.checkstyle.checks.FinalParametersCheck"/>
<error line="39" column="51" severity="error" message="&apos;password&apos; hides a field." source="com.puppycrawl.tools.checkstyle.checks.coding.HiddenFieldCheck"/>
<error line="39" column="61" severity="error" message="Parameter email should be final." source="com.puppycrawl.tools.checkstyle.checks.FinalParametersCheck"/>
<error line="39" column="68" severity="error" message="&apos;email&apos; hides a field." source="com.puppycrawl.tools.checkstyle.checks.coding.HiddenFieldCheck"/>
<error line="39" column="75" severity="error" message="Parameter firstName should be final." source="com.puppycrawl.tools.checkstyle.checks.FinalParametersCheck"/>
<error line="39" column="82" severity="error" message="&apos;firstName&apos; hides a field." source="com.puppycrawl.tools.checkstyle.checks.coding.HiddenFieldCheck"/>
<error line="39" column="93" severity="error" message="Parameter lastName should be final." source="com.puppycrawl.tools.checkstyle.checks.FinalParametersCheck"/>
<error line="39" column="100" severity="error" message="&apos;lastName&apos; hides a field." source="com.puppycrawl.tools.checkstyle.checks.coding.HiddenFieldCheck"/>
<error line="40" column="25" severity="error" message="Parameter birthday should be final." source="com.puppycrawl.tools.checkstyle.checks.FinalParametersCheck"/>
<error line="40" column="35" severity="error" message="&apos;birthday&apos; hides a field." source="com.puppycrawl.tools.checkstyle.checks.coding.HiddenFieldCheck"/>
<error line="40" column="45" severity="error" message="Parameter role should be final." source="com.puppycrawl.tools.checkstyle.checks.FinalParametersCheck"/>
<error line="40" column="50" severity="error" message="&apos;role&apos; hides a field." source="com.puppycrawl.tools.checkstyle.checks.coding.HiddenFieldCheck"/>
<error line="51" column="9" severity="error" message="Method &apos;getId&apos; is not designed for extension - needs to be abstract, final or empty." source="com.puppycrawl.tools.checkstyle.checks.design.DesignForExtensionCheck"/>
<error line="51" column="9" severity="error" message="Missing a Javadoc comment." source="com.puppycrawl.tools.checkstyle.checks.javadoc.JavadocMethodCheck"/>
<error line="58" column="9" severity="error" message="Method &apos;getRole&apos; is not designed for extension - needs to be abstract, final or empty." source="com.puppycrawl.tools.checkstyle.checks.design.DesignForExtensionCheck"/>
<error line="58" column="9" severity="error" message="Missing a Javadoc comment." source="com.puppycrawl.tools.checkstyle.checks.javadoc.JavadocMethodCheck"/>
<error line="59" severity="error" message="Line is longer than 80 characters (found 89)." source="com.puppycrawl.tools.checkstyle.checks.sizes.LineLengthCheck"/>
<error line="64" column="9" severity="error" message="Method &apos;setRole&apos; is not designed for extension - needs to be abstract, final or empty." source="com.puppycrawl.tools.checkstyle.checks.design.DesignForExtensionCheck"/>
<error line="64" column="9" severity="error" message="Missing a Javadoc comment." source="com.puppycrawl.tools.checkstyle.checks.javadoc.JavadocMethodCheck"/>
<error line="64" column="29" severity="error" message="Parameter role should be final." source="com.puppycrawl.tools.checkstyle.checks.FinalParametersCheck"/>
<error line="64" column="34" severity="error" message="&apos;role&apos; hides a field." source="com.puppycrawl.tools.checkstyle.checks.coding.HiddenFieldCheck"/>
<error line="65" column="34" severity="error" message="Inner assignments should be avoided." source="com.puppycrawl.tools.checkstyle.checks.coding.InnerAssignmentCheck"/>
<error line="68" column="9" severity="error" message="Method &apos;setId&apos; is not designed for extension - needs to be abstract, final or empty." source="com.puppycrawl.tools.checkstyle.checks.design.DesignForExtensionCheck"/>
<error line="68" column="9" severity="error" message="Missing a Javadoc comment." source="com.puppycrawl.tools.checkstyle.checks.javadoc.JavadocMethodCheck"/>
<error line="68" column="27" severity="error" message="Parameter id should be final." source="com.puppycrawl.tools.checkstyle.checks.FinalParametersCheck"/>
<error line="68" column="32" severity="error" message="&apos;id&apos; hides a field." source="com.puppycrawl.tools.checkstyle.checks.coding.HiddenFieldCheck"/>
<error line="72" column="9" severity="error" message="Method &apos;getLogin&apos; is not designed for extension - needs to be abstract, final or empty." source="com.puppycrawl.tools.checkstyle.checks.design.DesignForExtensionCheck"/>
<error line="72" column="9" severity="error" message="Missing a Javadoc comment." source="com.puppycrawl.tools.checkstyle.checks.javadoc.JavadocMethodCheck"/>
<error line="77" column="9" severity="error" message="Method &apos;setLogin&apos; is not designed for extension - needs to be abstract, final or empty." source="com.puppycrawl.tools.checkstyle.checks.design.DesignForExtensionCheck"/>
<error line="77" column="9" severity="error" message="Missing a Javadoc comment." source="com.puppycrawl.tools.checkstyle.checks.javadoc.JavadocMethodCheck"/>
<error line="77" column="30" severity="error" message="Parameter login should be final." source="com.puppycrawl.tools.checkstyle.checks.FinalParametersCheck"/>
<error line="77" column="37" severity="error" message="&apos;login&apos; hides a field." source="com.puppycrawl.tools.checkstyle.checks.coding.HiddenFieldCheck"/>
<error line="81" column="9" severity="error" message="Method &apos;getPassword&apos; is not designed for extension - needs to be abstract, final or empty." source="com.puppycrawl.tools.checkstyle.checks.design.DesignForExtensionCheck"/>
<error line="81" column="9" severity="error" message="Missing a Javadoc comment." source="com.puppycrawl.tools.checkstyle.checks.javadoc.JavadocMethodCheck"/>
<error line="86" column="9" severity="error" message="Method &apos;getAge&apos; is not designed for extension - needs to be abstract, final or empty." source="com.puppycrawl.tools.checkstyle.checks.design.DesignForExtensionCheck"/>
<error line="86" column="9" severity="error" message="Missing a Javadoc comment." source="com.puppycrawl.tools.checkstyle.checks.javadoc.JavadocMethodCheck"/>
<error line="93" column="9" severity="error" message="Method &apos;setPassword&apos; is not designed for extension - needs to be abstract, final or empty." source="com.puppycrawl.tools.checkstyle.checks.design.DesignForExtensionCheck"/>
<error line="93" column="9" severity="error" message="Missing a Javadoc comment." source="com.puppycrawl.tools.checkstyle.checks.javadoc.JavadocMethodCheck"/>
<error line="93" column="33" severity="error" message="Parameter password should be final." source="com.puppycrawl.tools.checkstyle.checks.FinalParametersCheck"/>
<error line="93" column="40" severity="error" message="&apos;password&apos; hides a field." source="com.puppycrawl.tools.checkstyle.checks.coding.HiddenFieldCheck"/>
<error line="97" column="9" severity="error" message="Method &apos;getEmail&apos; is not designed for extension - needs to be abstract, final or empty." source="com.puppycrawl.tools.checkstyle.checks.design.DesignForExtensionCheck"/>
<error line="97" column="9" severity="error" message="Missing a Javadoc comment." source="com.puppycrawl.tools.checkstyle.checks.javadoc.JavadocMethodCheck"/>
<error line="102" column="9" severity="error" message="Method &apos;setEmail&apos; is not designed for extension - needs to be abstract, final or empty." source="com.puppycrawl.tools.checkstyle.checks.design.DesignForExtensionCheck"/>
<error line="102" column="9" severity="error" message="Missing a Javadoc comment." source="com.puppycrawl.tools.checkstyle.checks.javadoc.JavadocMethodCheck"/>
<error line="102" column="30" severity="error" message="Parameter email should be final." source="com.puppycrawl.tools.checkstyle.checks.FinalParametersCheck"/>
<error line="102" column="37" severity="error" message="&apos;email&apos; hides a field." source="com.puppycrawl.tools.checkstyle.checks.coding.HiddenFieldCheck"/>
<error line="106" column="9" severity="error" message="Method &apos;getFirstName&apos; is not designed for extension - needs to be abstract, final or empty." source="com.puppycrawl.tools.checkstyle.checks.design.DesignForExtensionCheck"/>
<error line="106" column="9" severity="error" message="Missing a Javadoc comment." source="com.puppycrawl.tools.checkstyle.checks.javadoc.JavadocMethodCheck"/>
<error line="111" column="9" severity="error" message="Method &apos;setFirstName&apos; is not designed for extension - needs to be abstract, final or empty." source="com.puppycrawl.tools.checkstyle.checks.design.DesignForExtensionCheck"/>
<error line="111" column="9" severity="error" message="Missing a Javadoc comment." source="com.puppycrawl.tools.checkstyle.checks.javadoc.JavadocMethodCheck"/>
<error line="111" column="34" severity="error" message="Parameter firstName should be final." source="com.puppycrawl.tools.checkstyle.checks.FinalParametersCheck"/>
<error line="111" column="41" severity="error" message="&apos;firstName&apos; hides a field." source="com.puppycrawl.tools.checkstyle.checks.coding.HiddenFieldCheck"/>
<error line="115" column="9" severity="error" message="Method &apos;getLastName&apos; is not designed for extension - needs to be abstract, final or empty." source="com.puppycrawl.tools.checkstyle.checks.design.DesignForExtensionCheck"/>
<error line="115" column="9" severity="error" message="Missing a Javadoc comment." source="com.puppycrawl.tools.checkstyle.checks.javadoc.JavadocMethodCheck"/>
<error line="120" column="9" severity="error" message="Method &apos;setLastName&apos; is not designed for extension - needs to be abstract, final or empty." source="com.puppycrawl.tools.checkstyle.checks.design.DesignForExtensionCheck"/>
<error line="120" column="9" severity="error" message="Missing a Javadoc comment." source="com.puppycrawl.tools.checkstyle.checks.javadoc.JavadocMethodCheck"/>
<error line="120" column="33" severity="error" message="Parameter lastName should be final." source="com.puppycrawl.tools.checkstyle.checks.FinalParametersCheck"/>
<error line="120" column="40" severity="error" message="&apos;lastName&apos; hides a field." source="com.puppycrawl.tools.checkstyle.checks.coding.HiddenFieldCheck"/>
<error line="124" column="9" severity="error" message="Method &apos;getBirthday&apos; is not designed for extension - needs to be abstract, final or empty." source="com.puppycrawl.tools.checkstyle.checks.design.DesignForExtensionCheck"/>
<error line="124" column="9" severity="error" message="Missing a Javadoc comment." source="com.puppycrawl.tools.checkstyle.checks.javadoc.JavadocMethodCheck"/>
<error line="130" column="9" severity="error" message="Method &apos;setBirthday&apos; is not designed for extension - needs to be abstract, final or empty." source="com.puppycrawl.tools.checkstyle.checks.design.DesignForExtensionCheck"/>
<error line="130" column="9" severity="error" message="Missing a Javadoc comment." source="com.puppycrawl.tools.checkstyle.checks.javadoc.JavadocMethodCheck"/>
<error line="130" column="33" severity="error" message="Parameter birhday should be final." source="com.puppycrawl.tools.checkstyle.checks.FinalParametersCheck"/>
<error line="134" column="9" severity="error" message="Method &apos;hashCode&apos; is not designed for extension - needs to be abstract, final or empty." source="com.puppycrawl.tools.checkstyle.checks.design.DesignForExtensionCheck"/>
<error line="138" severity="error" message="Line is longer than 80 characters (found 89)." source="com.puppycrawl.tools.checkstyle.checks.sizes.LineLengthCheck"/>
<error line="138" column="63" severity="error" message="Avoid inline conditionals." source="com.puppycrawl.tools.checkstyle.checks.coding.AvoidInlineConditionalsCheck"/>
<error line="139" severity="error" message="Line is longer than 80 characters (found 83)." source="com.puppycrawl.tools.checkstyle.checks.sizes.LineLengthCheck"/>
<error line="139" column="60" severity="error" message="Avoid inline conditionals." source="com.puppycrawl.tools.checkstyle.checks.coding.AvoidInlineConditionalsCheck"/>
<error line="140" severity="error" message="Line is longer than 80 characters (found 91)." source="com.puppycrawl.tools.checkstyle.checks.sizes.LineLengthCheck"/>
<error line="140" column="64" severity="error" message="Avoid inline conditionals." source="com.puppycrawl.tools.checkstyle.checks.coding.AvoidInlineConditionalsCheck"/>
<error line="141" column="63" severity="error" message="&apos;32&apos; is a magic number." source="com.puppycrawl.tools.checkstyle.checks.coding.MagicNumberCheck"/>
<error line="142" severity="error" message="Line is longer than 80 characters (found 89)." source="com.puppycrawl.tools.checkstyle.checks.sizes.LineLengthCheck"/>
<error line="142" column="63" severity="error" message="Avoid inline conditionals." source="com.puppycrawl.tools.checkstyle.checks.coding.AvoidInlineConditionalsCheck"/>
<error line="143" severity="error" message="Line is longer than 80 characters (found 83)." source="com.puppycrawl.tools.checkstyle.checks.sizes.LineLengthCheck"/>
<error line="143" column="60" severity="error" message="Avoid inline conditionals." source="com.puppycrawl.tools.checkstyle.checks.coding.AvoidInlineConditionalsCheck"/>
<error line="144" severity="error" message="Line is longer than 80 characters (found 89)." source="com.puppycrawl.tools.checkstyle.checks.sizes.LineLengthCheck"/>
<error line="144" column="63" severity="error" message="Avoid inline conditionals." source="com.puppycrawl.tools.checkstyle.checks.coding.AvoidInlineConditionalsCheck"/>
<error line="145" severity="error" message="Line is longer than 80 characters (found 81)." source="com.puppycrawl.tools.checkstyle.checks.sizes.LineLengthCheck"/>
<error line="145" column="59" severity="error" message="Avoid inline conditionals." source="com.puppycrawl.tools.checkstyle.checks.coding.AvoidInlineConditionalsCheck"/>
<error line="149" column="9" severity="error" message="Method &apos;equals&apos; is not designed for extension - needs to be abstract, final or empty." source="com.puppycrawl.tools.checkstyle.checks.design.DesignForExtensionCheck"/>
<error line="150" column="31" severity="error" message="Parameter obj should be final." source="com.puppycrawl.tools.checkstyle.checks.FinalParametersCheck"/>
<error line="151" severity="error" message="&apos;if&apos; construct must use &apos;{}&apos;s." source="com.puppycrawl.tools.checkstyle.checks.blocks.NeedBracesCheck"/>
<error line="153" severity="error" message="&apos;if&apos; construct must use &apos;{}&apos;s." source="com.puppycrawl.tools.checkstyle.checks.blocks.NeedBracesCheck"/>
<error line="155" severity="error" message="&apos;if&apos; construct must use &apos;{}&apos;s." source="com.puppycrawl.tools.checkstyle.checks.blocks.NeedBracesCheck"/>
<error line="159" severity="error" message="&apos;if&apos; construct must use &apos;{}&apos;s." source="com.puppycrawl.tools.checkstyle.checks.blocks.NeedBracesCheck"/>
<error line="161" severity="error" message="&apos;if&apos; construct must use &apos;{}&apos;s." source="com.puppycrawl.tools.checkstyle.checks.blocks.NeedBracesCheck"/>
<error line="164" severity="error" message="&apos;if&apos; construct must use &apos;{}&apos;s." source="com.puppycrawl.tools.checkstyle.checks.blocks.NeedBracesCheck"/>
<error line="166" severity="error" message="&apos;if&apos; construct must use &apos;{}&apos;s." source="com.puppycrawl.tools.checkstyle.checks.blocks.NeedBracesCheck"/>
<error line="169" severity="error" message="&apos;if&apos; construct must use &apos;{}&apos;s." source="com.puppycrawl.tools.checkstyle.checks.blocks.NeedBracesCheck"/>
<error line="171" severity="error" message="&apos;if&apos; construct must use &apos;{}&apos;s." source="com.puppycrawl.tools.checkstyle.checks.blocks.NeedBracesCheck"/>
<error line="173" severity="error" message="&apos;if&apos; construct must use &apos;{}&apos;s." source="com.puppycrawl.tools.checkstyle.checks.blocks.NeedBracesCheck"/>
<error line="176" severity="error" message="&apos;if&apos; construct must use &apos;{}&apos;s." source="com.puppycrawl.tools.checkstyle.checks.blocks.NeedBracesCheck"/>
<error line="178" severity="error" message="&apos;if&apos; construct must use &apos;{}&apos;s." source="com.puppycrawl.tools.checkstyle.checks.blocks.NeedBracesCheck"/>
<error line="181" severity="error" message="&apos;if&apos; construct must use &apos;{}&apos;s." source="com.puppycrawl.tools.checkstyle.checks.blocks.NeedBracesCheck"/>
<error line="183" severity="error" message="&apos;if&apos; construct must use &apos;{}&apos;s." source="com.puppycrawl.tools.checkstyle.checks.blocks.NeedBracesCheck"/>
<error line="186" severity="error" message="&apos;if&apos; construct must use &apos;{}&apos;s." source="com.puppycrawl.tools.checkstyle.checks.blocks.NeedBracesCheck"/>
<error line="188" severity="error" message="&apos;if&apos; construct must use &apos;{}&apos;s." source="com.puppycrawl.tools.checkstyle.checks.blocks.NeedBracesCheck"/>
<error line="191" severity="error" message="&apos;if&apos; construct must use &apos;{}&apos;s." source="com.puppycrawl.tools.checkstyle.checks.blocks.NeedBracesCheck"/>
<error line="193" severity="error" message="&apos;if&apos; construct must use &apos;{}&apos;s." source="com.puppycrawl.tools.checkstyle.checks.blocks.NeedBracesCheck"/>
</file>
<file name="/Users/grigoriy/Documents/workspace/laboratorysixteen/src/main/java/com/nixsolutions/laboratorysixteen/filter/AbstractFilter.java">
<error line="0" severity="error" message="Missing package-info.java file." source="com.puppycrawl.tools.checkstyle.checks.javadoc.JavadocPackageCheck"/>
<error line="14" severity="error" message="Missing a Javadoc comment." source="com.puppycrawl.tools.checkstyle.checks.javadoc.JavadocTypeCheck"/>
<error line="16" column="1" severity="error" message="File contains tab characters (this is the first instance)." source="com.puppycrawl.tools.checkstyle.checks.whitespace.FileTabCharacterCheck"/>
<error line="16" column="9" severity="error" message="Missing a Javadoc comment." source="com.puppycrawl.tools.checkstyle.checks.javadoc.JavadocMethodCheck"/>
<error line="16" column="26" severity="error" message="Parameter filterConfig should be final." source="com.puppycrawl.tools.checkstyle.checks.FinalParametersCheck"/>
<error line="20" severity="error" message="Line is longer than 80 characters (found 103)." source="com.puppycrawl.tools.checkstyle.checks.sizes.LineLengthCheck"/>
<error line="20" column="9" severity="error" message="Missing a Javadoc comment." source="com.puppycrawl.tools.checkstyle.checks.javadoc.JavadocMethodCheck"/>
<error line="20" column="36" severity="error" message="Parameter request should be final." source="com.puppycrawl.tools.checkstyle.checks.FinalParametersCheck"/>
<error line="20" column="60" severity="error" message="Parameter response should be final." source="com.puppycrawl.tools.checkstyle.checks.FinalParametersCheck"/>
<error line="20" column="86" severity="error" message="Parameter chain should be final." source="com.puppycrawl.tools.checkstyle.checks.FinalParametersCheck"/>
<error line="27" severity="error" message="Line is longer than 80 characters (found 106)." source="com.puppycrawl.tools.checkstyle.checks.sizes.LineLengthCheck"/>
<error line="27" column="9" severity="error" message="Missing a Javadoc comment." source="com.puppycrawl.tools.checkstyle.checks.javadoc.JavadocMethodCheck"/>
<error line="30" column="9" severity="error" message="Missing a Javadoc comment." source="com.puppycrawl.tools.checkstyle.checks.javadoc.JavadocMethodCheck"/>
<error line="33" severity="error" message="Line has trailing spaces." source="com.puppycrawl.tools.checkstyle.checks.regexp.RegexpSinglelineCheck"/>
<error line="34" column="9" severity="error" message="Method &apos;isAdminUrl&apos; is not designed for extension - needs to be abstract, final or empty." source="com.puppycrawl.tools.checkstyle.checks.design.DesignForExtensionCheck"/>
<error line="34" column="9" severity="error" message="Missing a Javadoc comment." source="com.puppycrawl.tools.checkstyle.checks.javadoc.JavadocMethodCheck"/>
<error line="34" column="38" severity="error" message="Parameter curentUrl should be final." source="com.puppycrawl.tools.checkstyle.checks.FinalParametersCheck"/>
<error line="40" severity="error" message="Line has trailing spaces." source="com.puppycrawl.tools.checkstyle.checks.regexp.RegexpSinglelineCheck"/>
<error line="41" column="9" severity="error" message="Method &apos;isUserUrl&apos; is not designed for extension - needs to be abstract, final or empty." source="com.puppycrawl.tools.checkstyle.checks.design.DesignForExtensionCheck"/>
<error line="41" column="9" severity="error" message="Missing a Javadoc comment." source="com.puppycrawl.tools.checkstyle.checks.javadoc.JavadocMethodCheck"/>
<error line="41" column="37" severity="error" message="Parameter curentUrl should be final." source="com.puppycrawl.tools.checkstyle.checks.FinalParametersCheck"/>
</file>
<file name="/Users/grigoriy/Documents/workspace/laboratorysixteen/src/main/java/com/nixsolutions/laboratorysixteen/filter/CheckLoginFilter.java">
<error line="15" severity="error" message="Missing a Javadoc comment." source="com.puppycrawl.tools.checkstyle.checks.javadoc.JavadocTypeCheck"/>
<error line="17" severity="error" message="Line has trailing spaces." source="com.puppycrawl.tools.checkstyle.checks.regexp.RegexpSinglelineCheck"/>
<error line="17" column="1" severity="error" message="File contains tab characters (this is the first instance)." source="com.puppycrawl.tools.checkstyle.checks.whitespace.FileTabCharacterCheck"/>
<error line="19" severity="error" message="Line is longer than 80 characters (found 149)." source="com.puppycrawl.tools.checkstyle.checks.sizes.LineLengthCheck"/>
<error line="19" column="36" severity="error" message="Parameter request should be final." source="com.puppycrawl.tools.checkstyle.checks.FinalParametersCheck"/>
<error line="19" column="64" severity="error" message="Parameter response should be final." source="com.puppycrawl.tools.checkstyle.checks.FinalParametersCheck"/>
<error line="19" column="94" severity="error" message="Parameter chain should be final." source="com.puppycrawl.tools.checkstyle.checks.FinalParametersCheck"/>
<error line="19" column="149" severity="error" message="&apos;{&apos; is not preceded with whitespace." source="com.puppycrawl.tools.checkstyle.checks.whitespace.WhitespaceAroundCheck"/>
<error line="20" severity="error" message="Line is longer than 80 characters (found 113)." source="com.puppycrawl.tools.checkstyle.checks.sizes.LineLengthCheck"/>
<error line="22" severity="error" message="Line is longer than 80 characters (found 110)." source="com.puppycrawl.tools.checkstyle.checks.sizes.LineLengthCheck"/>
<error line="22" column="19" severity="error" message="&apos;if&apos; is not followed by whitespace." source="com.puppycrawl.tools.checkstyle.checks.whitespace.WhitespaceAroundCheck"/>
<error line="22" column="110" severity="error" message="&apos;{&apos; is not preceded with whitespace." source="com.puppycrawl.tools.checkstyle.checks.whitespace.WhitespaceAroundCheck"/>
<error line="24" column="18" severity="error" message="&apos;else&apos; is not preceded with whitespace." source="com.puppycrawl.tools.checkstyle.checks.whitespace.WhitespaceAroundCheck"/>
<error line="24" column="18" severity="error" message="&apos;}&apos; is not followed by whitespace." source="com.puppycrawl.tools.checkstyle.checks.whitespace.WhitespaceAroundCheck"/>
<error line="24" column="22" severity="error" message="&apos;else&apos; is not followed by whitespace." source="com.puppycrawl.tools.checkstyle.checks.whitespace.WhitespaceAroundCheck"/>
<error line="24" column="22" severity="error" message="&apos;{&apos; is not preceded with whitespace." source="com.puppycrawl.tools.checkstyle.checks.whitespace.WhitespaceAroundCheck"/>
</file>
<file name="/Users/grigoriy/Documents/workspace/laboratorysixteen/src/main/java/com/nixsolutions/laboratorysixteen/filter/CheckUserRoleFilter.java">
<error line="0" severity="error" message="File does not end with a newline." source="com.puppycrawl.tools.checkstyle.checks.NewlineAtEndOfFileCheck"/>
<error line="14" severity="error" message="Missing a Javadoc comment." source="com.puppycrawl.tools.checkstyle.checks.javadoc.JavadocTypeCheck"/>
<error line="17" column="1" severity="error" message="File contains tab characters (this is the first instance)." source="com.puppycrawl.tools.checkstyle.checks.whitespace.FileTabCharacterCheck"/>
<error line="18" severity="error" message="Line is longer than 80 characters (found 111)." source="com.puppycrawl.tools.checkstyle.checks.sizes.LineLengthCheck"/>
<error line="18" column="36" severity="error" message="Parameter request should be final." source="com.puppycrawl.tools.checkstyle.checks.FinalParametersCheck"/>
<error line="18" column="64" severity="error" message="Parameter response should be final." source="com.puppycrawl.tools.checkstyle.checks.FinalParametersCheck"/>
<error line="18" column="94" severity="error" message="Parameter chain should be final." source="com.puppycrawl.tools.checkstyle.checks.FinalParametersCheck"/>
<error line="20" severity="error" message="Line is longer than 80 characters (found 125)." source="com.puppycrawl.tools.checkstyle.checks.sizes.LineLengthCheck"/>
<error line="24" severity="error" message="Line is longer than 80 characters (found 84)." source="com.puppycrawl.tools.checkstyle.checks.sizes.LineLengthCheck"/>
<error line="25" severity="error" message="Line is longer than 80 characters (found 85)." source="com.puppycrawl.tools.checkstyle.checks.sizes.LineLengthCheck"/>
<error line="27" severity="error" message="Line is longer than 80 characters (found 84)." source="com.puppycrawl.tools.checkstyle.checks.sizes.LineLengthCheck"/>
<error line="29" severity="error" message="Line is longer than 80 characters (found 83)." source="com.puppycrawl.tools.checkstyle.checks.sizes.LineLengthCheck"/>
</file>
<file name="/Users/grigoriy/Documents/workspace/laboratorysixteen/src/main/java/com/nixsolutions/laboratorysixteen/listener/ApplicationListener.java">
<error line="0" severity="error" message="Missing package-info.java file." source="com.puppycrawl.tools.checkstyle.checks.javadoc.JavadocPackageCheck"/>
<error line="9" severity="error" message="Line is longer than 80 characters (found 81)." source="com.puppycrawl.tools.checkstyle.checks.sizes.LineLengthCheck"/>
<error line="11" severity="error" message="Missing a Javadoc comment." source="com.puppycrawl.tools.checkstyle.checks.javadoc.JavadocTypeCheck"/>
<error line="14" column="1" severity="error" message="File contains tab characters (this is the first instance)." source="com.puppycrawl.tools.checkstyle.checks.whitespace.FileTabCharacterCheck"/>
<error line="14" column="9" severity="error" message="Method &apos;contextInitialized&apos; is not designed for extension - needs to be abstract, final or empty." source="com.puppycrawl.tools.checkstyle.checks.design.DesignForExtensionCheck"/>
<error line="15" column="40" severity="error" message="Parameter sce should be final." source="com.puppycrawl.tools.checkstyle.checks.FinalParametersCheck"/>
<error line="17" severity="error" message="Line is longer than 80 characters (found 97)." source="com.puppycrawl.tools.checkstyle.checks.sizes.LineLengthCheck"/>
<error line="21" column="38" severity="error" message="Parameter sce should be final." source="com.puppycrawl.tools.checkstyle.checks.FinalParametersCheck"/>
</file>
<file name="/Users/grigoriy/Documents/workspace/laboratorysixteen/src/main/java/com/nixsolutions/laboratorysixteen/Main.java">
<error line="7" severity="error" message="Missing a Javadoc comment." source="com.puppycrawl.tools.checkstyle.checks.javadoc.JavadocTypeCheck"/>
<error line="7" column="1" severity="error" message="Utility classes should not have a public or default constructor." source="com.puppycrawl.tools.checkstyle.checks.design.HideUtilityClassConstructorCheck"/>
<error line="9" column="1" severity="error" message="File contains tab characters (this is the first instance)." source="com.puppycrawl.tools.checkstyle.checks.whitespace.FileTabCharacterCheck"/>
<error line="9" column="9" severity="error" message="Missing a Javadoc comment." source="com.puppycrawl.tools.checkstyle.checks.javadoc.JavadocMethodCheck"/>
<error line="9" column="33" severity="error" message="Parameter args should be final." source="com.puppycrawl.tools.checkstyle.checks.FinalParametersCheck"/>
<error line="22" severity="error" message="Line has trailing spaces." source="com.puppycrawl.tools.checkstyle.checks.regexp.RegexpSinglelineCheck"/>
</file>
<file name="/Users/grigoriy/Documents/workspace/laboratorysixteen/src/main/java/com/nixsolutions/laboratorysixteen/model/UserModel.java">
<error line="0" severity="error" message="File does not end with a newline." source="com.puppycrawl.tools.checkstyle.checks.NewlineAtEndOfFileCheck"/>
<error line="0" severity="error" message="Missing package-info.java file." source="com.puppycrawl.tools.checkstyle.checks.javadoc.JavadocPackageCheck"/>
<error line="7" severity="error" message="Missing a Javadoc comment." source="com.puppycrawl.tools.checkstyle.checks.javadoc.JavadocTypeCheck"/>
<error line="7" column="47" severity="error" message="&apos;{&apos; is not preceded with whitespace." source="com.puppycrawl.tools.checkstyle.checks.whitespace.WhitespaceAroundCheck"/>
<error line="9" column="1" severity="error" message="File contains tab characters (this is the first instance)." source="com.puppycrawl.tools.checkstyle.checks.whitespace.FileTabCharacterCheck"/>
<error line="9" column="9" severity="error" message="Missing a Javadoc comment." source="com.puppycrawl.tools.checkstyle.checks.javadoc.JavadocVariableCheck"/>
<error line="10" column="9" severity="error" message="Missing a Javadoc comment." source="com.puppycrawl.tools.checkstyle.checks.javadoc.JavadocVariableCheck"/>
<error line="11" column="9" severity="error" message="Missing a Javadoc comment." source="com.puppycrawl.tools.checkstyle.checks.javadoc.JavadocVariableCheck"/>
<error line="12" column="9" severity="error" message="Missing a Javadoc comment." source="com.puppycrawl.tools.checkstyle.checks.javadoc.JavadocVariableCheck"/>
<error line="13" column="9" severity="error" message="Missing a Javadoc comment." source="com.puppycrawl.tools.checkstyle.checks.javadoc.JavadocVariableCheck"/>
<error line="14" column="9" severity="error" message="Missing a Javadoc comment." source="com.puppycrawl.tools.checkstyle.checks.javadoc.JavadocVariableCheck"/>
<error line="15" column="9" severity="error" message="Missing a Javadoc comment." source="com.puppycrawl.tools.checkstyle.checks.javadoc.JavadocVariableCheck"/>
<error line="16" column="9" severity="error" message="Missing a Javadoc comment." source="com.puppycrawl.tools.checkstyle.checks.javadoc.JavadocVariableCheck"/>
<error line="17" column="9" severity="error" message="Missing a Javadoc comment." source="com.puppycrawl.tools.checkstyle.checks.javadoc.JavadocVariableCheck"/>
<error line="18" column="9" severity="error" message="Missing a Javadoc comment." source="com.puppycrawl.tools.checkstyle.checks.javadoc.JavadocVariableCheck"/>
<error line="19" column="9" severity="error" message="Missing a Javadoc comment." source="com.puppycrawl.tools.checkstyle.checks.javadoc.JavadocVariableCheck"/>
<error line="20" severity="error" message="Line has trailing spaces." source="com.puppycrawl.tools.checkstyle.checks.regexp.RegexpSinglelineCheck"/>
<error line="21" column="9" severity="error" message="Method &apos;getId&apos; is not designed for extension - needs to be abstract, final or empty." source="com.puppycrawl.tools.checkstyle.checks.design.DesignForExtensionCheck"/>
<error line="21" column="9" severity="error" message="Missing a Javadoc comment." source="com.puppycrawl.tools.checkstyle.checks.javadoc.JavadocMethodCheck"/>
<error line="24" column="9" severity="error" message="Method &apos;setId&apos; is not designed for extension - needs to be abstract, final or empty." source="com.puppycrawl.tools.checkstyle.checks.design.DesignForExtensionCheck"/>
<error line="24" column="9" severity="error" message="Missing a Javadoc comment." source="com.puppycrawl.tools.checkstyle.checks.javadoc.JavadocMethodCheck"/>
<error line="24" column="27" severity="error" message="Parameter id should be final." source="com.puppycrawl.tools.checkstyle.checks.FinalParametersCheck"/>
<error line="24" column="32" severity="error" message="&apos;id&apos; hides a field." source="com.puppycrawl.tools.checkstyle.checks.coding.HiddenFieldCheck"/>
<error line="27" column="9" severity="error" message="Method &apos;getLogin&apos; is not designed for extension - needs to be abstract, final or empty." source="com.puppycrawl.tools.checkstyle.checks.design.DesignForExtensionCheck"/>
<error line="27" column="9" severity="error" message="Missing a Javadoc comment." source="com.puppycrawl.tools.checkstyle.checks.javadoc.JavadocMethodCheck"/>
<error line="30" column="9" severity="error" message="Method &apos;setLogin&apos; is not designed for extension - needs to be abstract, final or empty." source="com.puppycrawl.tools.checkstyle.checks.design.DesignForExtensionCheck"/>
<error line="30" column="9" severity="error" message="Missing a Javadoc comment." source="com.puppycrawl.tools.checkstyle.checks.javadoc.JavadocMethodCheck"/>
<error line="30" column="30" severity="error" message="Parameter login should be final." source="com.puppycrawl.tools.checkstyle.checks.FinalParametersCheck"/>
<error line="30" column="37" severity="error" message="&apos;login&apos; hides a field." source="com.puppycrawl.tools.checkstyle.checks.coding.HiddenFieldCheck"/>
<error line="33" column="9" severity="error" message="Method &apos;getPassword&apos; is not designed for extension - needs to be abstract, final or empty." source="com.puppycrawl.tools.checkstyle.checks.design.DesignForExtensionCheck"/>
<error line="33" column="9" severity="error" message="Missing a Javadoc comment." source="com.puppycrawl.tools.checkstyle.checks.javadoc.JavadocMethodCheck"/>
<error line="36" column="9" severity="error" message="Method &apos;setPassword&apos; is not designed for extension - needs to be abstract, final or empty." source="com.puppycrawl.tools.checkstyle.checks.design.DesignForExtensionCheck"/>
<error line="36" column="9" severity="error" message="Missing a Javadoc comment." source="com.puppycrawl.tools.checkstyle.checks.javadoc.JavadocMethodCheck"/>
<error line="36" column="33" severity="error" message="Parameter password should be final." source="com.puppycrawl.tools.checkstyle.checks.FinalParametersCheck"/>
<error line="36" column="40" severity="error" message="&apos;password&apos; hides a field." source="com.puppycrawl.tools.checkstyle.checks.coding.HiddenFieldCheck"/>
<error line="39" column="9" severity="error" message="Method &apos;getEmail&apos; is not designed for extension - needs to be abstract, final or empty." source="com.puppycrawl.tools.checkstyle.checks.design.DesignForExtensionCheck"/>
<error line="39" column="9" severity="error" message="Missing a Javadoc comment." source="com.puppycrawl.tools.checkstyle.checks.javadoc.JavadocMethodCheck"/>
<error line="42" column="9" severity="error" message="Method &apos;setEmail&apos; is not designed for extension - needs to be abstract, final or empty." source="com.puppycrawl.tools.checkstyle.checks.design.DesignForExtensionCheck"/>
<error line="42" column="9" severity="error" message="Missing a Javadoc comment." source="com.puppycrawl.tools.checkstyle.checks.javadoc.JavadocMethodCheck"/>
<error line="42" column="30" severity="error" message="Parameter email should be final." source="com.puppycrawl.tools.checkstyle.checks.FinalParametersCheck"/>
<error line="42" column="37" severity="error" message="&apos;email&apos; hides a field." source="com.puppycrawl.tools.checkstyle.checks.coding.HiddenFieldCheck"/>
<error line="45" column="9" severity="error" message="Method &apos;getFirstName&apos; is not designed for extension - needs to be abstract, final or empty." source="com.puppycrawl.tools.checkstyle.checks.design.DesignForExtensionCheck"/>
<error line="45" column="9" severity="error" message="Missing a Javadoc comment." source="com.puppycrawl.tools.checkstyle.checks.javadoc.JavadocMethodCheck"/>
<error line="48" column="9" severity="error" message="Method &apos;setFirstName&apos; is not designed for extension - needs to be abstract, final or empty." source="com.puppycrawl.tools.checkstyle.checks.design.DesignForExtensionCheck"/>
<error line="48" column="9" severity="error" message="Missing a Javadoc comment." source="com.puppycrawl.tools.checkstyle.checks.javadoc.JavadocMethodCheck"/>
<error line="48" column="34" severity="error" message="Parameter firstName should be final." source="com.puppycrawl.tools.checkstyle.checks.FinalParametersCheck"/>
<error line="48" column="41" severity="error" message="&apos;firstName&apos; hides a field." source="com.puppycrawl.tools.checkstyle.checks.coding.HiddenFieldCheck"/>
<error line="51" column="9" severity="error" message="Method &apos;getLastName&apos; is not designed for extension - needs to be abstract, final or empty." source="com.puppycrawl.tools.checkstyle.checks.design.DesignForExtensionCheck"/>
<error line="51" column="9" severity="error" message="Missing a Javadoc comment." source="com.puppycrawl.tools.checkstyle.checks.javadoc.JavadocMethodCheck"/>
<error line="54" column="9" severity="error" message="Method &apos;setLastName&apos; is not designed for extension - needs to be abstract, final or empty." source="com.puppycrawl.tools.checkstyle.checks.design.DesignForExtensionCheck"/>
<error line="54" column="9" severity="error" message="Missing a Javadoc comment." source="com.puppycrawl.tools.checkstyle.checks.javadoc.JavadocMethodCheck"/>
<error line="54" column="33" severity="error" message="Parameter lastName should be final." source="com.puppycrawl.tools.checkstyle.checks.FinalParametersCheck"/>
<error line="54" column="40" severity="error" message="&apos;lastName&apos; hides a field." source="com.puppycrawl.tools.checkstyle.checks.coding.HiddenFieldCheck"/>
<error line="57" column="9" severity="error" message="Method &apos;getAge&apos; is not designed for extension - needs to be abstract, final or empty." source="com.puppycrawl.tools.checkstyle.checks.design.DesignForExtensionCheck"/>
<error line="57" column="9" severity="error" message="Missing a Javadoc comment." source="com.puppycrawl.tools.checkstyle.checks.javadoc.JavadocMethodCheck"/>
<error line="60" column="9" severity="error" message="Method &apos;setAge&apos; is not designed for extension - needs to be abstract, final or empty." source="com.puppycrawl.tools.checkstyle.checks.design.DesignForExtensionCheck"/>
<error line="60" column="9" severity="error" message="Missing a Javadoc comment." source="com.puppycrawl.tools.checkstyle.checks.javadoc.JavadocMethodCheck"/>
<error line="60" column="28" severity="error" message="Parameter age should be final." source="com.puppycrawl.tools.checkstyle.checks.FinalParametersCheck"/>
<error line="60" column="32" severity="error" message="&apos;age&apos; hides a field." source="com.puppycrawl.tools.checkstyle.checks.coding.HiddenFieldCheck"/>
<error line="63" severity="error" message="Line has trailing spaces." source="com.puppycrawl.tools.checkstyle.checks.regexp.RegexpSinglelineCheck"/>
<error line="64" column="9" severity="error" message="Method &apos;getBirthday&apos; is not designed for extension - needs to be abstract, final or empty." source="com.puppycrawl.tools.checkstyle.checks.design.DesignForExtensionCheck"/>
<error line="64" column="9" severity="error" message="Missing a Javadoc comment." source="com.puppycrawl.tools.checkstyle.checks.javadoc.JavadocMethodCheck"/>
<error line="67" column="9" severity="error" message="Method &apos;setBirthday&apos; is not designed for extension - needs to be abstract, final or empty." source="com.puppycrawl.tools.checkstyle.checks.design.DesignForExtensionCheck"/>
<error line="67" column="9" severity="error" message="Missing a Javadoc comment." source="com.puppycrawl.tools.checkstyle.checks.javadoc.JavadocMethodCheck"/>
<error line="67" column="33" severity="error" message="Parameter birthday should be final." source="com.puppycrawl.tools.checkstyle.checks.FinalParametersCheck"/>
<error line="67" column="40" severity="error" message="&apos;birthday&apos; hides a field." source="com.puppycrawl.tools.checkstyle.checks.coding.HiddenFieldCheck"/>
<error line="70" severity="error" message="Line has trailing spaces." source="com.puppycrawl.tools.checkstyle.checks.regexp.RegexpSinglelineCheck"/>
<error line="71" column="9" severity="error" message="Method &apos;getRole&apos; is not designed for extension - needs to be abstract, final or empty." source="com.puppycrawl.tools.checkstyle.checks.design.DesignForExtensionCheck"/>
<error line="71" column="9" severity="error" message="Missing a Javadoc comment." source="com.puppycrawl.tools.checkstyle.checks.javadoc.JavadocMethodCheck"/>
<error line="74" column="9" severity="error" message="Method &apos;setRole&apos; is not designed for extension - needs to be abstract, final or empty." source="com.puppycrawl.tools.checkstyle.checks.design.DesignForExtensionCheck"/>
<error line="74" column="9" severity="error" message="Missing a Javadoc comment." source="com.puppycrawl.tools.checkstyle.checks.javadoc.JavadocMethodCheck"/>
<error line="74" column="29" severity="error" message="Parameter role should be final." source="com.puppycrawl.tools.checkstyle.checks.FinalParametersCheck"/>
<error line="74" column="34" severity="error" message="&apos;role&apos; hides a field." source="com.puppycrawl.tools.checkstyle.checks.coding.HiddenFieldCheck"/>
<error line="77" column="9" severity="error" message="Method &apos;getPasswordAgain&apos; is not designed for extension - needs to be abstract, final or empty." source="com.puppycrawl.tools.checkstyle.checks.design.DesignForExtensionCheck"/>
<error line="77" column="9" severity="error" message="Missing a Javadoc comment." source="com.puppycrawl.tools.checkstyle.checks.javadoc.JavadocMethodCheck"/>
<error line="80" column="9" severity="error" message="Method &apos;setPasswordAgain&apos; is not designed for extension - needs to be abstract, final or empty." source="com.puppycrawl.tools.checkstyle.checks.design.DesignForExtensionCheck"/>
<error line="80" column="9" severity="error" message="Missing a Javadoc comment." source="com.puppycrawl.tools.checkstyle.checks.javadoc.JavadocMethodCheck"/>
<error line="80" column="38" severity="error" message="Parameter passwordAgain should be final." source="com.puppycrawl.tools.checkstyle.checks.FinalParametersCheck"/>
<error line="80" column="45" severity="error" message="&apos;passwordAgain&apos; hides a field." source="com.puppycrawl.tools.checkstyle.checks.coding.HiddenFieldCheck"/>
</file>
<file name="/Users/grigoriy/Documents/workspace/laboratorysixteen/src/main/java/com/nixsolutions/laboratorysixteen/service/impl/UserManagementServiceImpl.java">
<error line="0" severity="error" message="File does not end with a newline." source="com.puppycrawl.tools.checkstyle.checks.NewlineAtEndOfFileCheck"/>
<error line="0" severity="error" message="Missing package-info.java file." source="com.puppycrawl.tools.checkstyle.checks.javadoc.JavadocPackageCheck"/>
<error line="17" severity="error" message="Missing a Javadoc comment." source="com.puppycrawl.tools.checkstyle.checks.javadoc.JavadocTypeCheck"/>
<error line="18" column="1" severity="error" message="File contains tab characters (this is the first instance)." source="com.puppycrawl.tools.checkstyle.checks.whitespace.FileTabCharacterCheck"/>
<error line="18" column="9" severity="error" message="Missing a Javadoc comment." source="com.puppycrawl.tools.checkstyle.checks.javadoc.JavadocVariableCheck"/>
<error line="19" column="9" severity="error" message="Missing a Javadoc comment." source="com.puppycrawl.tools.checkstyle.checks.javadoc.JavadocVariableCheck"/>
<error line="20" severity="error" message="Line is longer than 80 characters (found 88)." source="com.puppycrawl.tools.checkstyle.checks.sizes.LineLengthCheck"/>
<error line="20" column="9" severity="error" message="Missing a Javadoc comment." source="com.puppycrawl.tools.checkstyle.checks.javadoc.JavadocVariableCheck"/>
<error line="22" column="9" severity="error" message="Method &apos;findAllUsers&apos; is not designed for extension - needs to be abstract, final or empty." source="com.puppycrawl.tools.checkstyle.checks.design.DesignForExtensionCheck"/>
<error line="22" column="9" severity="error" message="Missing a Javadoc comment." source="com.puppycrawl.tools.checkstyle.checks.javadoc.JavadocMethodCheck"/>
<error line="39" column="9" severity="error" message="Method &apos;updateUser&apos; is not designed for extension - needs to be abstract, final or empty." source="com.puppycrawl.tools.checkstyle.checks.design.DesignForExtensionCheck"/>
<error line="39" column="9" severity="error" message="Missing a Javadoc comment." source="com.puppycrawl.tools.checkstyle.checks.javadoc.JavadocMethodCheck"/>
<error line="39" column="32" severity="error" message="Parameter userModel should be final." source="com.puppycrawl.tools.checkstyle.checks.FinalParametersCheck"/>
<error line="47" severity="error" message="Line is longer than 80 characters (found 90)." source="com.puppycrawl.tools.checkstyle.checks.sizes.LineLengthCheck"/>
<error line="53" column="9" severity="error" message="Method &apos;createUser&apos; is not designed for extension - needs to be abstract, final or empty." source="com.puppycrawl.tools.checkstyle.checks.design.DesignForExtensionCheck"/>
<error line="53" column="9" severity="error" message="Missing a Javadoc comment." source="com.puppycrawl.tools.checkstyle.checks.javadoc.JavadocMethodCheck"/>
<error line="53" column="32" severity="error" message="Parameter userModel should be final." source="com.puppycrawl.tools.checkstyle.checks.FinalParametersCheck"/>
<error line="60" severity="error" message="Line is longer than 80 characters (found 90)." source="com.puppycrawl.tools.checkstyle.checks.sizes.LineLengthCheck"/>
<error line="66" column="9" severity="error" message="Method &apos;removeUser&apos; is not designed for extension - needs to be abstract, final or empty." source="com.puppycrawl.tools.checkstyle.checks.design.DesignForExtensionCheck"/>
<error line="66" column="9" severity="error" message="Missing a Javadoc comment." source="com.puppycrawl.tools.checkstyle.checks.javadoc.JavadocMethodCheck"/>
<error line="66" column="32" severity="error" message="Parameter userModel should be final." source="com.puppycrawl.tools.checkstyle.checks.FinalParametersCheck"/>
<error line="72" column="9" severity="error" message="Method &apos;getUserModelById&apos; is not designed for extension - needs to be abstract, final or empty." source="com.puppycrawl.tools.checkstyle.checks.design.DesignForExtensionCheck"/>
<error line="72" column="9" severity="error" message="Missing a Javadoc comment." source="com.puppycrawl.tools.checkstyle.checks.javadoc.JavadocMethodCheck"/>
<error line="72" column="43" severity="error" message="Parameter id should be final." source="com.puppycrawl.tools.checkstyle.checks.FinalParametersCheck"/>
<error line="81" severity="error" message="Line is longer than 80 characters (found 86)." source="com.puppycrawl.tools.checkstyle.checks.sizes.LineLengthCheck"/>
<error line="87" column="9" severity="error" message="Method &apos;findAllRoles&apos; is not designed for extension - needs to be abstract, final or empty." source="com.puppycrawl.tools.checkstyle.checks.design.DesignForExtensionCheck"/>
<error line="87" column="9" severity="error" message="Missing a Javadoc comment." source="com.puppycrawl.tools.checkstyle.checks.javadoc.JavadocMethodCheck"/>
<error line="93" column="9" severity="error" message="Method &apos;getUserModelByLogin&apos; is not designed for extension - needs to be abstract, final or empty." source="com.puppycrawl.tools.checkstyle.checks.design.DesignForExtensionCheck"/>
<error line="94" column="46" severity="error" message="Parameter login should be final." source="com.puppycrawl.tools.checkstyle.checks.FinalParametersCheck"/>
<error line="106" severity="error" message="Line is longer than 80 characters (found 86)." source="com.puppycrawl.tools.checkstyle.checks.sizes.LineLengthCheck"/>
</file>
<file name="/Users/grigoriy/Documents/workspace/laboratorysixteen/src/main/java/com/nixsolutions/laboratorysixteen/service/UserManagementService.java">
<error line="0" severity="error" message="Missing package-info.java file." source="com.puppycrawl.tools.checkstyle.checks.javadoc.JavadocPackageCheck"/>
<error line="8" severity="error" message="Missing a Javadoc comment." source="com.puppycrawl.tools.checkstyle.checks.javadoc.JavadocTypeCheck"/>
<error line="9" severity="error" message="Line has trailing spaces." source="com.puppycrawl.tools.checkstyle.checks.regexp.RegexpSinglelineCheck"/>
<error line="9" column="1" severity="error" message="File contains tab characters (this is the first instance)." source="com.puppycrawl.tools.checkstyle.checks.whitespace.FileTabCharacterCheck"/>
<error line="10" column="9" severity="error" message="Missing a Javadoc comment." source="com.puppycrawl.tools.checkstyle.checks.javadoc.JavadocMethodCheck"/>
<error line="10" column="9" severity="error" message="Redundant &apos;public&apos; modifier." source="com.puppycrawl.tools.checkstyle.checks.modifier.RedundantModifierCheck"/>
<error line="10" column="20" severity="error" message="&apos;&lt;&apos; is preceded with whitespace." source="com.puppycrawl.tools.checkstyle.checks.whitespace.GenericWhitespaceCheck"/>
<error line="11" severity="error" message="Line has trailing spaces." source="com.puppycrawl.tools.checkstyle.checks.regexp.RegexpSinglelineCheck"/>
<error line="12" column="9" severity="error" message="Missing a Javadoc comment." source="com.puppycrawl.tools.checkstyle.checks.javadoc.JavadocMethodCheck"/>
<error line="12" column="9" severity="error" message="Redundant &apos;public&apos; modifier." source="com.puppycrawl.tools.checkstyle.checks.modifier.RedundantModifierCheck"/>
<error line="13" severity="error" message="Line has trailing spaces." source="com.puppycrawl.tools.checkstyle.checks.regexp.RegexpSinglelineCheck"/>
<error line="14" column="9" severity="error" message="Missing a Javadoc comment." source="com.puppycrawl.tools.checkstyle.checks.javadoc.JavadocMethodCheck"/>
<error line="14" column="9" severity="error" message="Redundant &apos;public&apos; modifier." source="com.puppycrawl.tools.checkstyle.checks.modifier.RedundantModifierCheck"/>
<error line="15" severity="error" message="Line has trailing spaces." source="com.puppycrawl.tools.checkstyle.checks.regexp.RegexpSinglelineCheck"/>
<error line="16" column="9" severity="error" message="Missing a Javadoc comment." source="com.puppycrawl.tools.checkstyle.checks.javadoc.JavadocMethodCheck"/>
<error line="16" column="9" severity="error" message="Redundant &apos;public&apos; modifier." source="com.puppycrawl.tools.checkstyle.checks.modifier.RedundantModifierCheck"/>
<error line="17" severity="error" message="Line has trailing spaces." source="com.puppycrawl.tools.checkstyle.checks.regexp.RegexpSinglelineCheck"/>
<error line="18" column="9" severity="error" message="Missing a Javadoc comment." source="com.puppycrawl.tools.checkstyle.checks.javadoc.JavadocMethodCheck"/>
<error line="18" column="9" severity="error" message="Redundant &apos;public&apos; modifier." source="com.puppycrawl.tools.checkstyle.checks.modifier.RedundantModifierCheck"/>
<error line="19" severity="error" message="Line has trailing spaces." source="com.puppycrawl.tools.checkstyle.checks.regexp.RegexpSinglelineCheck"/>
<error line="20" column="9" severity="error" message="Missing a Javadoc comment." source="com.puppycrawl.tools.checkstyle.checks.javadoc.JavadocMethodCheck"/>
<error line="20" column="9" severity="error" message="Redundant &apos;public&apos; modifier." source="com.puppycrawl.tools.checkstyle.checks.modifier.RedundantModifierCheck"/>
<error line="22" column="9" severity="error" message="Missing a Javadoc comment." source="com.puppycrawl.tools.checkstyle.checks.javadoc.JavadocMethodCheck"/>
<error line="22" column="9" severity="error" message="Redundant &apos;public&apos; modifier." source="com.puppycrawl.tools.checkstyle.checks.modifier.RedundantModifierCheck"/>
<error line="23" severity="error" message="Line has trailing spaces." source="com.puppycrawl.tools.checkstyle.checks.regexp.RegexpSinglelineCheck"/>
</file>
<file name="/Users/grigoriy/Documents/workspace/laboratorysixteen/src/main/java/com/nixsolutions/laboratorysixteen/servlet/AbstractServlet.java">
<error line="0" severity="error" message="Missing package-info.java file." source="com.puppycrawl.tools.checkstyle.checks.javadoc.JavadocPackageCheck"/>
<error line="13" severity="error" message="Missing a Javadoc comment." source="com.puppycrawl.tools.checkstyle.checks.javadoc.JavadocTypeCheck"/>
<error line="15" column="1" severity="error" message="File contains tab characters (this is the first instance)." source="com.puppycrawl.tools.checkstyle.checks.whitespace.FileTabCharacterCheck"/>
<error line="16" severity="error" message="Line has trailing spaces." source="com.puppycrawl.tools.checkstyle.checks.regexp.RegexpSinglelineCheck"/>
<error line="19" column="9" severity="error" message="Missing a Javadoc comment." source="com.puppycrawl.tools.checkstyle.checks.javadoc.JavadocVariableCheck"/>
<error line="20" severity="error" message="Line has trailing spaces." source="com.puppycrawl.tools.checkstyle.checks.regexp.RegexpSinglelineCheck"/>
<error line="23" severity="error" message="Line is longer than 80 characters (found 127)." source="com.puppycrawl.tools.checkstyle.checks.sizes.LineLengthCheck"/>
<error line="25" severity="error" message="Line has trailing spaces." source="com.puppycrawl.tools.checkstyle.checks.regexp.RegexpSinglelineCheck"/>
<error line="26" column="9" severity="error" message="Method &apos;getUserService&apos; is not designed for extension - needs to be abstract, final or empty." source="com.puppycrawl.tools.checkstyle.checks.design.DesignForExtensionCheck"/>
<error line="26" column="9" severity="error" message="Missing a Javadoc comment." source="com.puppycrawl.tools.checkstyle.checks.javadoc.JavadocMethodCheck"/>
<error line="29" severity="error" message="Line has trailing spaces." source="com.puppycrawl.tools.checkstyle.checks.regexp.RegexpSinglelineCheck"/>
<error line="30" severity="error" message="Line is longer than 80 characters (found 145)." source="com.puppycrawl.tools.checkstyle.checks.sizes.LineLengthCheck"/>
<error line="30" column="9" severity="error" message="Method &apos;forwardToPage&apos; is not designed for extension - needs to be abstract, final or empty." source="com.puppycrawl.tools.checkstyle.checks.design.DesignForExtensionCheck"/>
<error line="30" column="9" severity="error" message="Missing a Javadoc comment." source="com.puppycrawl.tools.checkstyle.checks.javadoc.JavadocMethodCheck"/>
<error line="30" column="38" severity="error" message="Parameter page should be final." source="com.puppycrawl.tools.checkstyle.checks.FinalParametersCheck"/>
<error line="30" column="51" severity="error" message="Parameter request should be final." source="com.puppycrawl.tools.checkstyle.checks.FinalParametersCheck"/>
<error line="30" column="79" severity="error" message="Parameter response should be final." source="com.puppycrawl.tools.checkstyle.checks.FinalParametersCheck"/>
<error line="30" column="145" severity="error" message="&apos;{&apos; is not preceded with whitespace." source="com.puppycrawl.tools.checkstyle.checks.whitespace.WhitespaceAroundCheck"/>
<error line="32" severity="error" message="Line is longer than 80 characters (found 107)." source="com.puppycrawl.tools.checkstyle.checks.sizes.LineLengthCheck"/>
<error line="34" severity="error" message="Line has trailing spaces." source="com.puppycrawl.tools.checkstyle.checks.regexp.RegexpSinglelineCheck"/>
<error line="35" column="9" severity="error" message="Method &apos;setNewUserUiValues&apos; is not designed for extension - needs to be abstract, final or empty." source="com.puppycrawl.tools.checkstyle.checks.design.DesignForExtensionCheck"/>
<error line="35" column="9" severity="error" message="Missing a Javadoc comment." source="com.puppycrawl.tools.checkstyle.checks.javadoc.JavadocMethodCheck"/>
<error line="35" column="48" severity="error" message="Parameter req should be final." source="com.puppycrawl.tools.checkstyle.checks.FinalParametersCheck"/>
<error line="45" severity="error" message="Line is longer than 80 characters (found 86)." source="com.puppycrawl.tools.checkstyle.checks.sizes.LineLengthCheck"/>
<error line="48" severity="error" message="Line has trailing spaces." source="com.puppycrawl.tools.checkstyle.checks.regexp.RegexpSinglelineCheck"/>
<error line="49" column="9" severity="error" message="Method &apos;setUpdateUserUiValues&apos; is not designed for extension - needs to be abstract, final or empty." source="com.puppycrawl.tools.checkstyle.checks.design.DesignForExtensionCheck"/>
<error line="49" column="9" severity="error" message="Missing a Javadoc comment." source="com.puppycrawl.tools.checkstyle.checks.javadoc.JavadocMethodCheck"/>
<error line="49" column="51" severity="error" message="Parameter req should be final." source="com.puppycrawl.tools.checkstyle.checks.FinalParametersCheck"/>
</file>
<file name="/Users/grigoriy/Documents/workspace/laboratorysixteen/src/main/java/com/nixsolutions/laboratorysixteen/servlet/AddUserFormServlet.java">
<error line="0" severity="error" message="File does not end with a newline." source="com.puppycrawl.tools.checkstyle.checks.NewlineAtEndOfFileCheck"/>
<error line="7" column="8" severity="error" message="Unused import - javax.servlet.http.HttpServlet." source="com.puppycrawl.tools.checkstyle.checks.imports.UnusedImportsCheck"/>
<error line="13" severity="error" message="First sentence should end with a period." source="com.puppycrawl.tools.checkstyle.checks.javadoc.JavadocStyleCheck"/>
<error line="16" column="24" severity="error" message="&apos;=&apos; is not preceded with whitespace." source="com.puppycrawl.tools.checkstyle.checks.whitespace.WhitespaceAroundCheck"/>
<error line="16" column="25" severity="error" message="&apos;=&apos; is not followed by whitespace." source="com.puppycrawl.tools.checkstyle.checks.whitespace.WhitespaceAroundCheck"/>
<error line="18" column="1" severity="error" message="File contains tab characters (this is the first instance)." source="com.puppycrawl.tools.checkstyle.checks.whitespace.FileTabCharacterCheck"/>
<error line="18" column="9" severity="error" message="Missing a Javadoc comment." source="com.puppycrawl.tools.checkstyle.checks.javadoc.JavadocVariableCheck"/>
<error line="19" severity="error" message="Line has trailing spaces." source="com.puppycrawl.tools.checkstyle.checks.regexp.RegexpSinglelineCheck"/>
<error line="21" severity="error" message="Line is longer than 80 characters (found 91)." source="com.puppycrawl.tools.checkstyle.checks.sizes.LineLengthCheck"/>
<error line="23" severity="error" message="Line is longer than 80 characters (found 125)." source="com.puppycrawl.tools.checkstyle.checks.sizes.LineLengthCheck"/>
<error line="23" column="9" severity="error" message="Method &apos;doGet&apos; is not designed for extension - needs to be abstract, final or empty." source="com.puppycrawl.tools.checkstyle.checks.design.DesignForExtensionCheck"/>
<error line="23" column="30" severity="error" message="Parameter request should be final." source="com.puppycrawl.tools.checkstyle.checks.FinalParametersCheck"/>
<error line="23" column="49" severity="error" message="Expected @param tag for &apos;request&apos;." source="com.puppycrawl.tools.checkstyle.checks.javadoc.JavadocMethodCheck"/>
<error line="23" column="58" severity="error" message="Parameter response should be final." source="com.puppycrawl.tools.checkstyle.checks.FinalParametersCheck"/>
<error line="23" column="78" severity="error" message="Expected @param tag for &apos;response&apos;." source="com.puppycrawl.tools.checkstyle.checks.javadoc.JavadocMethodCheck"/>
<error line="23" column="95" severity="error" message="Expected @throws tag for &apos;ServletException&apos;." source="com.puppycrawl.tools.checkstyle.checks.javadoc.JavadocMethodCheck"/>
<error line="23" column="113" severity="error" message="Expected @throws tag for &apos;IOException&apos;." source="com.puppycrawl.tools.checkstyle.checks.javadoc.JavadocMethodCheck"/>
</file>
<file name="/Users/grigoriy/Documents/workspace/laboratorysixteen/src/main/java/com/nixsolutions/laboratorysixteen/servlet/AddUserServlet.java">
<error line="9" column="8" severity="error" message="Unused import - javax.servlet.http.HttpServlet." source="com.puppycrawl.tools.checkstyle.checks.imports.UnusedImportsCheck"/>
<error line="15" severity="error" message="Line is longer than 80 characters (found 86)." source="com.puppycrawl.tools.checkstyle.checks.sizes.LineLengthCheck"/>
<error line="16" severity="error" message="Line is longer than 80 characters (found 88)." source="com.puppycrawl.tools.checkstyle.checks.sizes.LineLengthCheck"/>
<error line="17" severity="error" message="Line is longer than 80 characters (found 83)." source="com.puppycrawl.tools.checkstyle.checks.sizes.LineLengthCheck"/>
<error line="18" severity="error" message="Line is longer than 80 characters (found 87)." source="com.puppycrawl.tools.checkstyle.checks.sizes.LineLengthCheck"/>
<error line="19" severity="error" message="Line is longer than 80 characters (found 86)." source="com.puppycrawl.tools.checkstyle.checks.sizes.LineLengthCheck"/>
<error line="20" severity="error" message="Line is longer than 80 characters (found 88)." source="com.puppycrawl.tools.checkstyle.checks.sizes.LineLengthCheck"/>
<error line="21" severity="error" message="Line is longer than 80 characters (found 83)." source="com.puppycrawl.tools.checkstyle.checks.sizes.LineLengthCheck"/>
<error line="22" severity="error" message="Line is longer than 80 characters (found 85)." source="com.puppycrawl.tools.checkstyle.checks.sizes.LineLengthCheck"/>
<error line="23" severity="error" message="Line is longer than 80 characters (found 86)." source="com.puppycrawl.tools.checkstyle.checks.sizes.LineLengthCheck"/>
<error line="25" severity="error" message="First sentence should end with a period." source="com.puppycrawl.tools.checkstyle.checks.javadoc.JavadocStyleCheck"/>
<error line="30" column="1" severity="error" message="File contains tab characters (this is the first instance)." source="com.puppycrawl.tools.checkstyle.checks.whitespace.FileTabCharacterCheck"/>
<error line="30" column="9" severity="error" message="Missing a Javadoc comment." source="com.puppycrawl.tools.checkstyle.checks.javadoc.JavadocVariableCheck"/>
<error line="33" severity="error" message="Line is longer than 80 characters (found 82)." source="com.puppycrawl.tools.checkstyle.checks.sizes.LineLengthCheck"/>
<error line="36" severity="error" message="Line is longer than 80 characters (found 87)." source="com.puppycrawl.tools.checkstyle.checks.sizes.LineLengthCheck"/>
<error line="36" column="9" severity="error" message="Method &apos;doPost&apos; is not designed for extension - needs to be abstract, final or empty." source="com.puppycrawl.tools.checkstyle.checks.design.DesignForExtensionCheck"/>
<error line="36" column="31" severity="error" message="Parameter request should be final." source="com.puppycrawl.tools.checkstyle.checks.FinalParametersCheck"/>
<error line="36" column="50" severity="error" message="Expected @param tag for &apos;request&apos;." source="com.puppycrawl.tools.checkstyle.checks.javadoc.JavadocMethodCheck"/>
<error line="36" column="59" severity="error" message="Parameter response should be final." source="com.puppycrawl.tools.checkstyle.checks.FinalParametersCheck"/>
<error line="36" column="79" severity="error" message="Expected @param tag for &apos;response&apos;." source="com.puppycrawl.tools.checkstyle.checks.javadoc.JavadocMethodCheck"/>
<error line="37" column="32" severity="error" message="Expected @throws tag for &apos;ServletException&apos;." source="com.puppycrawl.tools.checkstyle.checks.javadoc.JavadocMethodCheck"/>
<error line="37" column="50" severity="error" message="Expected @throws tag for &apos;IOException&apos;." source="com.puppycrawl.tools.checkstyle.checks.javadoc.JavadocMethodCheck"/>
<error line="55" severity="error" message="Line is longer than 80 characters (found 84)." source="com.puppycrawl.tools.checkstyle.checks.sizes.LineLengthCheck"/>
</file>
<file name="/Users/grigoriy/Documents/workspace/laboratorysixteen/src/main/java/com/nixsolutions/laboratorysixteen/servlet/AdminListUsersServlet.java">
<error line="6" column="8" severity="error" message="Unused import - javax.servlet.http.HttpServlet." source="com.puppycrawl.tools.checkstyle.checks.imports.UnusedImportsCheck"/>
<error line="10" severity="error" message="First sentence should end with a period." source="com.puppycrawl.tools.checkstyle.checks.javadoc.JavadocStyleCheck"/>
<error line="13" column="24" severity="error" message="&apos;=&apos; is not preceded with whitespace." source="com.puppycrawl.tools.checkstyle.checks.whitespace.WhitespaceAroundCheck"/>
<error line="13" column="25" severity="error" message="&apos;=&apos; is not followed by whitespace." source="com.puppycrawl.tools.checkstyle.checks.whitespace.WhitespaceAroundCheck"/>
<error line="15" column="1" severity="error" message="File contains tab characters (this is the first instance)." source="com.puppycrawl.tools.checkstyle.checks.whitespace.FileTabCharacterCheck"/>
<error line="15" column="9" severity="error" message="Missing a Javadoc comment." source="com.puppycrawl.tools.checkstyle.checks.javadoc.JavadocVariableCheck"/>
<error line="18" severity="error" message="Line is longer than 80 characters (found 91)." source="com.puppycrawl.tools.checkstyle.checks.sizes.LineLengthCheck"/>
<error line="20" severity="error" message="Line is longer than 80 characters (found 125)." source="com.puppycrawl.tools.checkstyle.checks.sizes.LineLengthCheck"/>
<error line="20" column="9" severity="error" message="Method &apos;doGet&apos; is not designed for extension - needs to be abstract, final or empty." source="com.puppycrawl.tools.checkstyle.checks.design.DesignForExtensionCheck"/>
<error line="20" column="30" severity="error" message="Parameter request should be final." source="com.puppycrawl.tools.checkstyle.checks.FinalParametersCheck"/>
<error line="20" column="49" severity="error" message="Expected @param tag for &apos;request&apos;." source="com.puppycrawl.tools.checkstyle.checks.javadoc.JavadocMethodCheck"/>
<error line="20" column="58" severity="error" message="Parameter response should be final." source="com.puppycrawl.tools.checkstyle.checks.FinalParametersCheck"/>
<error line="20" column="78" severity="error" message="Expected @param tag for &apos;response&apos;." source="com.puppycrawl.tools.checkstyle.checks.javadoc.JavadocMethodCheck"/>
<error line="20" column="95" severity="error" message="Expected @throws tag for &apos;ServletException&apos;." source="com.puppycrawl.tools.checkstyle.checks.javadoc.JavadocMethodCheck"/>
<error line="20" column="113" severity="error" message="Expected @throws tag for &apos;IOException&apos;." source="com.puppycrawl.tools.checkstyle.checks.javadoc.JavadocMethodCheck"/>
<error line="21" severity="error" message="Line is longer than 80 characters (found 82)." source="com.puppycrawl.tools.checkstyle.checks.sizes.LineLengthCheck"/>
</file>
<file name="/Users/grigoriy/Documents/workspace/laboratorysixteen/src/main/java/com/nixsolutions/laboratorysixteen/servlet/HomeServlet.java">
<error line="6" column="8" severity="error" message="Unused import - javax.servlet.http.HttpServlet." source="com.puppycrawl.tools.checkstyle.checks.imports.UnusedImportsCheck"/>
<error line="10" severity="error" message="First sentence should end with a period." source="com.puppycrawl.tools.checkstyle.checks.javadoc.JavadocStyleCheck"/>
<error line="13" column="24" severity="error" message="&apos;=&apos; is not preceded with whitespace." source="com.puppycrawl.tools.checkstyle.checks.whitespace.WhitespaceAroundCheck"/>
<error line="13" column="25" severity="error" message="&apos;=&apos; is not followed by whitespace." source="com.puppycrawl.tools.checkstyle.checks.whitespace.WhitespaceAroundCheck"/>
<error line="15" column="1" severity="error" message="File contains tab characters (this is the first instance)." source="com.puppycrawl.tools.checkstyle.checks.whitespace.FileTabCharacterCheck"/>
<error line="15" column="9" severity="error" message="Missing a Javadoc comment." source="com.puppycrawl.tools.checkstyle.checks.javadoc.JavadocVariableCheck"/>
<error line="18" severity="error" message="Line is longer than 80 characters (found 91)." source="com.puppycrawl.tools.checkstyle.checks.sizes.LineLengthCheck"/>
<error line="20" severity="error" message="Line is longer than 80 characters (found 125)." source="com.puppycrawl.tools.checkstyle.checks.sizes.LineLengthCheck"/>
<error line="20" column="9" severity="error" message="Method &apos;doGet&apos; is not designed for extension - needs to be abstract, final or empty." source="com.puppycrawl.tools.checkstyle.checks.design.DesignForExtensionCheck"/>
<error line="20" column="30" severity="error" message="Parameter request should be final." source="com.puppycrawl.tools.checkstyle.checks.FinalParametersCheck"/>
<error line="20" column="49" severity="error" message="Expected @param tag for &apos;request&apos;." source="com.puppycrawl.tools.checkstyle.checks.javadoc.JavadocMethodCheck"/>
<error line="20" column="58" severity="error" message="Parameter response should be final." source="com.puppycrawl.tools.checkstyle.checks.FinalParametersCheck"/>
<error line="20" column="78" severity="error" message="Expected @param tag for &apos;response&apos;." source="com.puppycrawl.tools.checkstyle.checks.javadoc.JavadocMethodCheck"/>
<error line="20" column="95" severity="error" message="Expected @throws tag for &apos;ServletException&apos;." source="com.puppycrawl.tools.checkstyle.checks.javadoc.JavadocMethodCheck"/>
<error line="20" column="113" severity="error" message="Expected @throws tag for &apos;IOException&apos;." source="com.puppycrawl.tools.checkstyle.checks.javadoc.JavadocMethodCheck"/>
</file>
<file name="/Users/grigoriy/Documents/workspace/laboratorysixteen/src/main/java/com/nixsolutions/laboratorysixteen/servlet/IndexServlet.java">
<error line="6" column="8" severity="error" message="Unused import - javax.servlet.http.HttpServlet." source="com.puppycrawl.tools.checkstyle.checks.imports.UnusedImportsCheck"/>
<error line="10" severity="error" message="First sentence should end with a period." source="com.puppycrawl.tools.checkstyle.checks.javadoc.JavadocStyleCheck"/>
<error line="13" column="24" severity="error" message="&apos;=&apos; is not preceded with whitespace." source="com.puppycrawl.tools.checkstyle.checks.whitespace.WhitespaceAroundCheck"/>
<error line="13" column="25" severity="error" message="&apos;=&apos; is not followed by whitespace." source="com.puppycrawl.tools.checkstyle.checks.whitespace.WhitespaceAroundCheck"/>
<error line="15" column="1" severity="error" message="File contains tab characters (this is the first instance)." source="com.puppycrawl.tools.checkstyle.checks.whitespace.FileTabCharacterCheck"/>
<error line="15" column="9" severity="error" message="Missing a Javadoc comment." source="com.puppycrawl.tools.checkstyle.checks.javadoc.JavadocVariableCheck"/>
<error line="18" severity="error" message="Line is longer than 80 characters (found 91)." source="com.puppycrawl.tools.checkstyle.checks.sizes.LineLengthCheck"/>
<error line="20" severity="error" message="Line is longer than 80 characters (found 125)." source="com.puppycrawl.tools.checkstyle.checks.sizes.LineLengthCheck"/>
<error line="20" column="9" severity="error" message="Method &apos;doGet&apos; is not designed for extension - needs to be abstract, final or empty." source="com.puppycrawl.tools.checkstyle.checks.design.DesignForExtensionCheck"/>
<error line="20" column="30" severity="error" message="Parameter request should be final." source="com.puppycrawl.tools.checkstyle.checks.FinalParametersCheck"/>
<error line="20" column="49" severity="error" message="Expected @param tag for &apos;request&apos;." source="com.puppycrawl.tools.checkstyle.checks.javadoc.JavadocMethodCheck"/>
<error line="20" column="58" severity="error" message="Parameter response should be final." source="com.puppycrawl.tools.checkstyle.checks.FinalParametersCheck"/>
<error line="20" column="78" severity="error" message="Expected @param tag for &apos;response&apos;." source="com.puppycrawl.tools.checkstyle.checks.javadoc.JavadocMethodCheck"/>
<error line="20" column="95" severity="error" message="Expected @throws tag for &apos;ServletException&apos;." source="com.puppycrawl.tools.checkstyle.checks.javadoc.JavadocMethodCheck"/>
<error line="20" column="113" severity="error" message="Expected @throws tag for &apos;IOException&apos;." source="com.puppycrawl.tools.checkstyle.checks.javadoc.JavadocMethodCheck"/>
</file>
<file name="/Users/grigoriy/Documents/workspace/laboratorysixteen/src/main/java/com/nixsolutions/laboratorysixteen/servlet/LoginServlet.java">
<error line="0" severity="error" message="File does not end with a newline." source="com.puppycrawl.tools.checkstyle.checks.NewlineAtEndOfFileCheck"/>
<error line="9" column="8" severity="error" message="Unused import - javax.servlet.http.HttpServlet." source="com.puppycrawl.tools.checkstyle.checks.imports.UnusedImportsCheck"/>
<error line="21" severity="error" message="First sentence should end with a period." source="com.puppycrawl.tools.checkstyle.checks.javadoc.JavadocStyleCheck"/>
<error line="26" column="1" severity="error" message="File contains tab characters (this is the first instance)." source="com.puppycrawl.tools.checkstyle.checks.whitespace.FileTabCharacterCheck"/>
<error line="26" column="9" severity="error" message="Missing a Javadoc comment." source="com.puppycrawl.tools.checkstyle.checks.javadoc.JavadocVariableCheck"/>
<error line="28" severity="error" message="Line is longer than 80 characters (found 86)." source="com.puppycrawl.tools.checkstyle.checks.sizes.LineLengthCheck"/>
<error line="28" column="9" severity="error" message="Method &apos;doGet&apos; is not designed for extension - needs to be abstract, final or empty." source="com.puppycrawl.tools.checkstyle.checks.design.DesignForExtensionCheck"/>
<error line="28" column="9" severity="error" message="Missing a Javadoc comment." source="com.puppycrawl.tools.checkstyle.checks.javadoc.JavadocMethodCheck"/>
<error line="28" column="30" severity="error" message="Parameter request should be final." source="com.puppycrawl.tools.checkstyle.checks.FinalParametersCheck"/>
<error line="28" column="58" severity="error" message="Parameter response should be final." source="com.puppycrawl.tools.checkstyle.checks.FinalParametersCheck"/>
<error line="38" severity="error" message="Line is longer than 80 characters (found 82)." source="com.puppycrawl.tools.checkstyle.checks.sizes.LineLengthCheck"/>
<error line="41" severity="error" message="Line is longer than 80 characters (found 87)." source="com.puppycrawl.tools.checkstyle.checks.sizes.LineLengthCheck"/>
<error line="41" column="9" severity="error" message="Method &apos;doPost&apos; is not designed for extension - needs to be abstract, final or empty." source="com.puppycrawl.tools.checkstyle.checks.design.DesignForExtensionCheck"/>
<error line="41" column="31" severity="error" message="Parameter request should be final." source="com.puppycrawl.tools.checkstyle.checks.FinalParametersCheck"/>
<error line="41" column="50" severity="error" message="Expected @param tag for &apos;request&apos;." source="com.puppycrawl.tools.checkstyle.checks.javadoc.JavadocMethodCheck"/>
<error line="41" column="59" severity="error" message="Parameter response should be final." source="com.puppycrawl.tools.checkstyle.checks.FinalParametersCheck"/>
<error line="41" column="79" severity="error" message="Expected @param tag for &apos;response&apos;." source="com.puppycrawl.tools.checkstyle.checks.javadoc.JavadocMethodCheck"/>
<error line="42" column="32" severity="error" message="Expected @throws tag for &apos;ServletException&apos;." source="com.puppycrawl.tools.checkstyle.checks.javadoc.JavadocMethodCheck"/>
<error line="42" column="50" severity="error" message="Expected @throws tag for &apos;IOException&apos;." source="com.puppycrawl.tools.checkstyle.checks.javadoc.JavadocMethodCheck"/>
<error line="53" severity="error" message="Line is longer than 80 characters (found 85)." source="com.puppycrawl.tools.checkstyle.checks.sizes.LineLengthCheck"/>
<error line="54" severity="error" message="Line is longer than 80 characters (found 91)." source="com.puppycrawl.tools.checkstyle.checks.sizes.LineLengthCheck"/>
<error line="60" severity="error" message="Line is longer than 80 characters (found 92)." source="com.puppycrawl.tools.checkstyle.checks.sizes.LineLengthCheck"/>
<error line="60" column="9" severity="error" message="Missing a Javadoc comment." source="com.puppycrawl.tools.checkstyle.checks.javadoc.JavadocMethodCheck"/>
<error line="60" column="44" severity="error" message="Parameter req should be final." source="com.puppycrawl.tools.checkstyle.checks.FinalParametersCheck"/>
<error line="60" column="68" severity="error" message="Parameter resp should be final." source="com.puppycrawl.tools.checkstyle.checks.FinalParametersCheck"/>
<error line="70" severity="error" message="Line is longer than 80 characters (found 88)." source="com.puppycrawl.tools.checkstyle.checks.sizes.LineLengthCheck"/>
<error line="70" column="9" severity="error" message="Missing a Javadoc comment." source="com.puppycrawl.tools.checkstyle.checks.javadoc.JavadocMethodCheck"/>
<error line="70" column="40" severity="error" message="Parameter req should be final." source="com.puppycrawl.tools.checkstyle.checks.FinalParametersCheck"/>
<error line="70" column="64" severity="error" message="Parameter resp should be final." source="com.puppycrawl.tools.checkstyle.checks.FinalParametersCheck"/>
<error line="72" severity="error" message="Line is longer than 80 characters (found 102)." source="com.puppycrawl.tools.checkstyle.checks.sizes.LineLengthCheck"/>
<error line="75" severity="error" message="Line is longer than 80 characters (found 85)." source="com.puppycrawl.tools.checkstyle.checks.sizes.LineLengthCheck"/>
<error line="78" severity="error" message="Line is longer than 80 characters (found 85)." source="com.puppycrawl.tools.checkstyle.checks.sizes.LineLengthCheck"/>
</file>
<file name="/Users/grigoriy/Documents/workspace/laboratorysixteen/src/main/java/com/nixsolutions/laboratorysixteen/servlet/LogoutServlet.java">
<error line="6" column="8" severity="error" message="Unused import - javax.servlet.http.HttpServlet." source="com.puppycrawl.tools.checkstyle.checks.imports.UnusedImportsCheck"/>
<error line="10" severity="error" message="First sentence should end with a period." source="com.puppycrawl.tools.checkstyle.checks.javadoc.JavadocStyleCheck"/>
<error line="13" column="26" severity="error" message="&apos;=&apos; is not followed by whitespace." source="com.puppycrawl.tools.checkstyle.checks.whitespace.WhitespaceAroundCheck"/>
<error line="15" column="1" severity="error" message="File contains tab characters (this is the first instance)." source="com.puppycrawl.tools.checkstyle.checks.whitespace.FileTabCharacterCheck"/>
<error line="15" column="9" severity="error" message="Missing a Javadoc comment." source="com.puppycrawl.tools.checkstyle.checks.javadoc.JavadocVariableCheck"/>
<error line="18" severity="error" message="Line is longer than 80 characters (found 91)." source="com.puppycrawl.tools.checkstyle.checks.sizes.LineLengthCheck"/>
<error line="20" severity="error" message="Line is longer than 80 characters (found 125)." source="com.puppycrawl.tools.checkstyle.checks.sizes.LineLengthCheck"/>
<error line="20" column="9" severity="error" message="Method &apos;doGet&apos; is not designed for extension - needs to be abstract, final or empty." source="com.puppycrawl.tools.checkstyle.checks.design.DesignForExtensionCheck"/>
<error line="20" column="30" severity="error" message="Parameter request should be final." source="com.puppycrawl.tools.checkstyle.checks.FinalParametersCheck"/>
<error line="20" column="49" severity="error" message="Expected @param tag for &apos;request&apos;." source="com.puppycrawl.tools.checkstyle.checks.javadoc.JavadocMethodCheck"/>
<error line="20" column="58" severity="error" message="Parameter response should be final." source="com.puppycrawl.tools.checkstyle.checks.FinalParametersCheck"/>
<error line="20" column="78" severity="error" message="Expected @param tag for &apos;response&apos;." source="com.puppycrawl.tools.checkstyle.checks.javadoc.JavadocMethodCheck"/>
<error line="20" column="95" severity="error" message="Expected @throws tag for &apos;ServletException&apos;." source="com.puppycrawl.tools.checkstyle.checks.javadoc.JavadocMethodCheck"/>
<error line="20" column="113" severity="error" message="Expected @throws tag for &apos;IOException&apos;." source="com.puppycrawl.tools.checkstyle.checks.javadoc.JavadocMethodCheck"/>
</file>
<file name="/Users/grigoriy/Documents/workspace/laboratorysixteen/src/main/java/com/nixsolutions/laboratorysixteen/servlet/RemoveUserServlet.java">
<error line="6" column="8" severity="error" message="Unused import - javax.servlet.http.HttpServlet." source="com.puppycrawl.tools.checkstyle.checks.imports.UnusedImportsCheck"/>
<error line="12" severity="error" message="First sentence should end with a period." source="com.puppycrawl.tools.checkstyle.checks.javadoc.JavadocStyleCheck"/>
<error line="15" column="24" severity="error" message="&apos;=&apos; is not preceded with whitespace." source="com.puppycrawl.tools.checkstyle.checks.whitespace.WhitespaceAroundCheck"/>
<error line="15" column="25" severity="error" message="&apos;=&apos; is not followed by whitespace." source="com.puppycrawl.tools.checkstyle.checks.whitespace.WhitespaceAroundCheck"/>
<error line="17" column="1" severity="error" message="File contains tab characters (this is the first instance)." source="com.puppycrawl.tools.checkstyle.checks.whitespace.FileTabCharacterCheck"/>
<error line="17" column="9" severity="error" message="Missing a Javadoc comment." source="com.puppycrawl.tools.checkstyle.checks.javadoc.JavadocVariableCheck"/>
<error line="18" severity="error" message="Line has trailing spaces." source="com.puppycrawl.tools.checkstyle.checks.regexp.RegexpSinglelineCheck"/>
<error line="20" severity="error" message="Line is longer than 80 characters (found 91)." source="com.puppycrawl.tools.checkstyle.checks.sizes.LineLengthCheck"/>
<error line="22" severity="error" message="Line is longer than 80 characters (found 125)." source="com.puppycrawl.tools.checkstyle.checks.sizes.LineLengthCheck"/>
<error line="22" column="9" severity="error" message="Method &apos;doGet&apos; is not designed for extension - needs to be abstract, final or empty." source="com.puppycrawl.tools.checkstyle.checks.design.DesignForExtensionCheck"/>
<error line="22" column="30" severity="error" message="Parameter request should be final." source="com.puppycrawl.tools.checkstyle.checks.FinalParametersCheck"/>
<error line="22" column="49" severity="error" message="Expected @param tag for &apos;request&apos;." source="com.puppycrawl.tools.checkstyle.checks.javadoc.JavadocMethodCheck"/>
<error line="22" column="58" severity="error" message="Parameter response should be final." source="com.puppycrawl.tools.checkstyle.checks.FinalParametersCheck"/>
<error line="22" column="78" severity="error" message="Expected @param tag for &apos;response&apos;." source="com.puppycrawl.tools.checkstyle.checks.javadoc.JavadocMethodCheck"/>
<error line="22" column="95" severity="error" message="Expected @throws tag for &apos;ServletException&apos;." source="com.puppycrawl.tools.checkstyle.checks.javadoc.JavadocMethodCheck"/>
<error line="22" column="113" severity="error" message="Expected @throws tag for &apos;IOException&apos;." source="com.puppycrawl.tools.checkstyle.checks.javadoc.JavadocMethodCheck"/>
</file>
<file name="/Users/grigoriy/Documents/workspace/laboratorysixteen/src/main/java/com/nixsolutions/laboratorysixteen/servlet/UpdateUserFormServlet.java">
<error line="7" column="8" severity="error" message="Unused import - javax.servlet.http.HttpServlet." source="com.puppycrawl.tools.checkstyle.checks.imports.UnusedImportsCheck"/>
<error line="15" severity="error" message="First sentence should end with a period." source="com.puppycrawl.tools.checkstyle.checks.javadoc.JavadocStyleCheck"/>
<error line="18" column="24" severity="error" message="&apos;=&apos; is not preceded with whitespace." source="com.puppycrawl.tools.checkstyle.checks.whitespace.WhitespaceAroundCheck"/>
<error line="18" column="25" severity="error" message="&apos;=&apos; is not followed by whitespace." source="com.puppycrawl.tools.checkstyle.checks.whitespace.WhitespaceAroundCheck"/>
<error line="20" column="1" severity="error" message="File contains tab characters (this is the first instance)." source="com.puppycrawl.tools.checkstyle.checks.whitespace.FileTabCharacterCheck"/>
<error line="20" column="9" severity="error" message="Missing a Javadoc comment." source="com.puppycrawl.tools.checkstyle.checks.javadoc.JavadocVariableCheck"/>
<error line="23" severity="error" message="Line is longer than 80 characters (found 91)." source="com.puppycrawl.tools.checkstyle.checks.sizes.LineLengthCheck"/>
<error line="25" severity="error" message="Line is longer than 80 characters (found 125)." source="com.puppycrawl.tools.checkstyle.checks.sizes.LineLengthCheck"/>
<error line="25" column="9" severity="error" message="Method &apos;doGet&apos; is not designed for extension - needs to be abstract, final or empty." source="com.puppycrawl.tools.checkstyle.checks.design.DesignForExtensionCheck"/>
<error line="25" column="30" severity="error" message="Parameter request should be final." source="com.puppycrawl.tools.checkstyle.checks.FinalParametersCheck"/>
<error line="25" column="49" severity="error" message="Expected @param tag for &apos;request&apos;." source="com.puppycrawl.tools.checkstyle.checks.javadoc.JavadocMethodCheck"/>
<error line="25" column="58" severity="error" message="Parameter response should be final." source="com.puppycrawl.tools.checkstyle.checks.FinalParametersCheck"/>
<error line="25" column="78" severity="error" message="Expected @param tag for &apos;response&apos;." source="com.puppycrawl.tools.checkstyle.checks.javadoc.JavadocMethodCheck"/>
<error line="25" column="95" severity="error" message="Expected @throws tag for &apos;ServletException&apos;." source="com.puppycrawl.tools.checkstyle.checks.javadoc.JavadocMethodCheck"/>
<error line="25" column="113" severity="error" message="Expected @throws tag for &apos;IOException&apos;." source="com.puppycrawl.tools.checkstyle.checks.javadoc.JavadocMethodCheck"/>
<error line="34" severity="error" message="Line has trailing spaces." source="com.puppycrawl.tools.checkstyle.checks.regexp.RegexpSinglelineCheck"/>
</file>
<file name="/Users/grigoriy/Documents/workspace/laboratorysixteen/src/main/java/com/nixsolutions/laboratorysixteen/servlet/UpdateUserServlet.java">
<error line="13" severity="error" message="Line is longer than 80 characters (found 86)." source="com.puppycrawl.tools.checkstyle.checks.sizes.LineLengthCheck"/>
<error line="14" severity="error" message="Line is longer than 80 characters (found 88)." source="com.puppycrawl.tools.checkstyle.checks.sizes.LineLengthCheck"/>
<error line="15" severity="error" message="Line is longer than 80 characters (found 83)." source="com.puppycrawl.tools.checkstyle.checks.sizes.LineLengthCheck"/>
<error line="16" severity="error" message="Line is longer than 80 characters (found 87)." source="com.puppycrawl.tools.checkstyle.checks.sizes.LineLengthCheck"/>
<error line="17" severity="error" message="Line is longer than 80 characters (found 86)." source="com.puppycrawl.tools.checkstyle.checks.sizes.LineLengthCheck"/>
<error line="18" severity="error" message="Line is longer than 80 characters (found 85)." source="com.puppycrawl.tools.checkstyle.checks.sizes.LineLengthCheck"/>
<error line="19" severity="error" message="Line is longer than 80 characters (found 86)." source="com.puppycrawl.tools.checkstyle.checks.sizes.LineLengthCheck"/>
<error line="21" severity="error" message="First sentence should end with a period." source="com.puppycrawl.tools.checkstyle.checks.javadoc.JavadocStyleCheck"/>
<error line="24" column="24" severity="error" message="&apos;=&apos; is not preceded with whitespace." source="com.puppycrawl.tools.checkstyle.checks.whitespace.WhitespaceAroundCheck"/>
<error line="24" column="25" severity="error" message="&apos;=&apos; is not followed by whitespace." source="com.puppycrawl.tools.checkstyle.checks.whitespace.WhitespaceAroundCheck"/>
<error line="26" column="1" severity="error" message="File contains tab characters (this is the first instance)." source="com.puppycrawl.tools.checkstyle.checks.whitespace.FileTabCharacterCheck"/>
<error line="26" column="9" severity="error" message="Missing a Javadoc comment." source="com.puppycrawl.tools.checkstyle.checks.javadoc.JavadocVariableCheck"/>
<error line="28" severity="error" message="Line is longer than 80 characters (found 83)." source="com.puppycrawl.tools.checkstyle.checks.sizes.LineLengthCheck"/>
<error line="28" column="5" severity="error" message="Method &apos;doPost&apos; is not designed for extension - needs to be abstract, final or empty." source="com.puppycrawl.tools.checkstyle.checks.design.DesignForExtensionCheck"/>
<error line="28" column="5" severity="error" message="Missing a Javadoc comment." source="com.puppycrawl.tools.checkstyle.checks.javadoc.JavadocMethodCheck"/>
<error line="28" column="27" severity="error" message="Parameter request should be final." source="com.puppycrawl.tools.checkstyle.checks.FinalParametersCheck"/>
<error line="28" column="55" severity="error" message="Parameter response should be final." source="com.puppycrawl.tools.checkstyle.checks.FinalParametersCheck"/>
<error line="29" column="49" severity="error" message="&apos;{&apos; is not preceded with whitespace." source="com.puppycrawl.tools.checkstyle.checks.whitespace.WhitespaceAroundCheck"/>
<error line="45" severity="error" message="Line is longer than 80 characters (found 84)." source="com.puppycrawl.tools.checkstyle.checks.sizes.LineLengthCheck"/>
</file>
<file name="/Users/grigoriy/Documents/workspace/laboratorysixteen/src/main/java/com/nixsolutions/laboratorysixteen/tag/TableTag.java">
<error line="0" severity="error" message="File does not end with a newline." source="com.puppycrawl.tools.checkstyle.checks.NewlineAtEndOfFileCheck"/>
<error line="0" severity="error" message="Missing package-info.java file." source="com.puppycrawl.tools.checkstyle.checks.javadoc.JavadocPackageCheck"/>
<error line="14" severity="error" message="Missing a Javadoc comment." source="com.puppycrawl.tools.checkstyle.checks.javadoc.JavadocTypeCheck"/>
<error line="16" column="1" severity="error" message="File contains tab characters (this is the first instance)." source="com.puppycrawl.tools.checkstyle.checks.whitespace.FileTabCharacterCheck"/>
<error line="16" column="9" severity="error" message="Missing a Javadoc comment." source="com.puppycrawl.tools.checkstyle.checks.javadoc.JavadocVariableCheck"/>
<error line="17" column="9" severity="error" message="Missing a Javadoc comment." source="com.puppycrawl.tools.checkstyle.checks.javadoc.JavadocVariableCheck"/>
<error line="18" severity="error" message="Line is longer than 80 characters (found 88)." source="com.puppycrawl.tools.checkstyle.checks.sizes.LineLengthCheck"/>
<error line="18" column="9" severity="error" message="Missing a Javadoc comment." source="com.puppycrawl.tools.checkstyle.checks.javadoc.JavadocVariableCheck"/>
<error line="18" column="23" severity="error" message="&apos;static&apos; modifier out of order with the JLS suggestions." source="com.puppycrawl.tools.checkstyle.checks.modifier.ModifierOrderCheck"/>
<error line="20" column="9" severity="error" message="Method &apos;doStartTag&apos; is not designed for extension - needs to be abstract, final or empty." source="com.puppycrawl.tools.checkstyle.checks.design.DesignForExtensionCheck"/>
<error line="20" column="9" severity="error" message="Missing a Javadoc comment." source="com.puppycrawl.tools.checkstyle.checks.javadoc.JavadocMethodCheck"/>
<error line="66" severity="error" message="Line is longer than 80 characters (found 112)." source="com.puppycrawl.tools.checkstyle.checks.sizes.LineLengthCheck"/>
<error line="67" severity="error" message="Line is longer than 80 characters (found 102)." source="com.puppycrawl.tools.checkstyle.checks.sizes.LineLengthCheck"/>
<error line="69" severity="error" message="Line is longer than 80 characters (found 112)." source="com.puppycrawl.tools.checkstyle.checks.sizes.LineLengthCheck"/>
<error line="71" severity="error" message="Line is longer than 80 characters (found 104)." source="com.puppycrawl.tools.checkstyle.checks.sizes.LineLengthCheck"/>
<error line="88" severity="error" message="Line has trailing spaces." source="com.puppycrawl.tools.checkstyle.checks.regexp.RegexpSinglelineCheck"/>
<error line="92" column="9" severity="error" message="Method &apos;setUsers&apos; is not designed for extension - needs to be abstract, final or empty." source="com.puppycrawl.tools.checkstyle.checks.design.DesignForExtensionCheck"/>
<error line="92" column="30" severity="error" message="Parameter users should be final." source="com.puppycrawl.tools.checkstyle.checks.FinalParametersCheck"/>
<error line="92" column="46" severity="error" message="&apos;users&apos; hides a field." source="com.puppycrawl.tools.checkstyle.checks.coding.HiddenFieldCheck"/>
</file>
<file name="/Users/grigoriy/Documents/workspace/laboratorysixteen/src/main/java/com/nixsolutions/laboratorysixteen/util/HibernateSessionFactory.java">
<error line="0" severity="error" message="Missing package-info.java file." source="com.puppycrawl.tools.checkstyle.checks.javadoc.JavadocPackageCheck"/>
<error line="8" severity="error" message="Missing a Javadoc comment." source="com.puppycrawl.tools.checkstyle.checks.javadoc.JavadocTypeCheck"/>
<error line="10" column="1" severity="error" message="File contains tab characters (this is the first instance)." source="com.puppycrawl.tools.checkstyle.checks.whitespace.FileTabCharacterCheck"/>
<error line="10" column="9" severity="error" message="Missing a Javadoc comment." source="com.puppycrawl.tools.checkstyle.checks.javadoc.JavadocVariableCheck"/>
<error line="12" column="9" severity="error" message="Missing a Javadoc comment." source="com.puppycrawl.tools.checkstyle.checks.javadoc.JavadocMethodCheck"/>
<error line="13" severity="error" message="Line is longer than 80 characters (found 97)." source="com.puppycrawl.tools.checkstyle.checks.sizes.LineLengthCheck"/>
<error line="14" severity="error" message="Line is longer than 80 characters (found 86)." source="com.puppycrawl.tools.checkstyle.checks.sizes.LineLengthCheck"/>
<error line="15" severity="error" message="Line is longer than 80 characters (found 86)." source="com.puppycrawl.tools.checkstyle.checks.sizes.LineLengthCheck"/>
<error line="16" severity="error" message="Line is longer than 80 characters (found 84)." source="com.puppycrawl.tools.checkstyle.checks.sizes.LineLengthCheck"/>
<error line="20" column="9" severity="error" message="Missing a Javadoc comment." source="com.puppycrawl.tools.checkstyle.checks.javadoc.JavadocMethodCheck"/>
<error line="24" column="9" severity="error" message="Missing a Javadoc comment." source="com.puppycrawl.tools.checkstyle.checks.javadoc.JavadocMethodCheck"/>
</file>
<file name="/Users/grigoriy/Documents/workspace/laboratorysixteen/src/main/java/com/nixsolutions/laboratorysixteen/util/SessionUtils.java">
<error line="8" severity="error" message="Missing a Javadoc comment." source="com.puppycrawl.tools.checkstyle.checks.javadoc.JavadocTypeCheck"/>
<error line="8" column="1" severity="error" message="Utility classes should not have a public or default constructor." source="com.puppycrawl.tools.checkstyle.checks.design.HideUtilityClassConstructorCheck"/>
<error line="10" column="1" severity="error" message="File contains tab characters (this is the first instance)." source="com.puppycrawl.tools.checkstyle.checks.whitespace.FileTabCharacterCheck"/>
<error line="10" column="9" severity="error" message="Missing a Javadoc comment." source="com.puppycrawl.tools.checkstyle.checks.javadoc.JavadocMethodCheck"/>
<error line="10" column="53" severity="error" message="Parameter req should be final." source="com.puppycrawl.tools.checkstyle.checks.FinalParametersCheck"/>
<error line="11" severity="error" message="Line is longer than 80 characters (found 94)." source="com.puppycrawl.tools.checkstyle.checks.sizes.LineLengthCheck"/>
<error line="13" severity="error" message="Line has trailing spaces." source="com.puppycrawl.tools.checkstyle.checks.regexp.RegexpSinglelineCheck"/>
<error line="14" column="9" severity="error" message="Missing a Javadoc comment." source="com.puppycrawl.tools.checkstyle.checks.javadoc.JavadocMethodCheck"/>
<error line="14" column="50" severity="error" message="Parameter req should be final." source="com.puppycrawl.tools.checkstyle.checks.FinalParametersCheck"/>
</file>
<file name="/Users/grigoriy/Documents/workspace/laboratorysixteen/src/main/java/com/nixsolutions/laboratorysixteen/validator/impl/BirthdayFormatValidationRule.java">
<error line="0" severity="error" message="Missing package-info.java file." source="com.puppycrawl.tools.checkstyle.checks.javadoc.JavadocPackageCheck"/>
<error line="11" severity="error" message="Missing a Javadoc comment." source="com.puppycrawl.tools.checkstyle.checks.javadoc.JavadocTypeCheck"/>
<error line="12" column="1" severity="error" message="File contains tab characters (this is the first instance)." source="com.puppycrawl.tools.checkstyle.checks.whitespace.FileTabCharacterCheck"/>
<error line="12" column="9" severity="error" message="Missing a Javadoc comment." source="com.puppycrawl.tools.checkstyle.checks.javadoc.JavadocVariableCheck"/>
<error line="15" column="9" severity="error" message="Method &apos;validate&apos; is not designed for extension - needs to be abstract, final or empty." source="com.puppycrawl.tools.checkstyle.checks.design.DesignForExtensionCheck"/>
<error line="16" severity="error" message="Line is longer than 80 characters (found 83)." source="com.puppycrawl.tools.checkstyle.checks.sizes.LineLengthCheck"/>
<error line="16" column="38" severity="error" message="Parameter req should be final." source="com.puppycrawl.tools.checkstyle.checks.FinalParametersCheck"/>
<error line="16" column="62" severity="error" message="Parameter errors should be final." source="com.puppycrawl.tools.checkstyle.checks.FinalParametersCheck"/>
<error line="17" column="21" severity="error" message="&apos;(&apos; is followed by whitespace." source="com.puppycrawl.tools.checkstyle.checks.whitespace.ParenPadCheck"/>
<error line="18" severity="error" message="Line is longer than 80 characters (found 98)." source="com.puppycrawl.tools.checkstyle.checks.sizes.LineLengthCheck"/>
</file>
<file name="/Users/grigoriy/Documents/workspace/laboratorysixteen/src/main/java/com/nixsolutions/laboratorysixteen/validator/impl/EmailDuplicationValidationRule.java">
<error line="12" severity="error" message="Missing a Javadoc comment." source="com.puppycrawl.tools.checkstyle.checks.javadoc.JavadocTypeCheck"/>
<error line="13" column="1" severity="error" message="File contains tab characters (this is the first instance)." source="com.puppycrawl.tools.checkstyle.checks.whitespace.FileTabCharacterCheck"/>
<error line="13" column="9" severity="error" message="Missing a Javadoc comment." source="com.puppycrawl.tools.checkstyle.checks.javadoc.JavadocVariableCheck"/>
<error line="15" column="9" severity="error" message="Method &apos;validate&apos; is not designed for extension - needs to be abstract, final or empty." source="com.puppycrawl.tools.checkstyle.checks.design.DesignForExtensionCheck"/>
<error line="16" severity="error" message="Line is longer than 80 characters (found 83)." source="com.puppycrawl.tools.checkstyle.checks.sizes.LineLengthCheck"/>
<error line="16" column="38" severity="error" message="Parameter req should be final." source="com.puppycrawl.tools.checkstyle.checks.FinalParametersCheck"/>
<error line="16" column="62" severity="error" message="Parameter errors should be final." source="com.puppycrawl.tools.checkstyle.checks.FinalParametersCheck"/>
<error line="18" severity="error" message="Line is longer than 80 characters (found 82)." source="com.puppycrawl.tools.checkstyle.checks.sizes.LineLengthCheck"/>
<error line="19" column="32" severity="error" message="&apos;{&apos; is not preceded with whitespace." source="com.puppycrawl.tools.checkstyle.checks.whitespace.WhitespaceAroundCheck"/>
<error line="20" column="27" severity="error" message="&apos;if&apos; is not followed by whitespace." source="com.puppycrawl.tools.checkstyle.checks.whitespace.WhitespaceAroundCheck"/>
<error line="21" severity="error" message="Line is longer than 80 characters (found 122)." source="com.puppycrawl.tools.checkstyle.checks.sizes.LineLengthCheck"/>
<error line="23" column="18" severity="error" message="&apos;else&apos; is not preceded with whitespace." source="com.puppycrawl.tools.checkstyle.checks.whitespace.WhitespaceAroundCheck"/>
<error line="23" column="18" severity="error" message="&apos;}&apos; is not followed by whitespace." source="com.puppycrawl.tools.checkstyle.checks.whitespace.WhitespaceAroundCheck"/>
<error line="23" column="22" severity="error" message="&apos;else&apos; is not followed by whitespace." source="com.puppycrawl.tools.checkstyle.checks.whitespace.WhitespaceAroundCheck"/>
<error line="23" column="22" severity="error" message="&apos;{&apos; is not preceded with whitespace." source="com.puppycrawl.tools.checkstyle.checks.whitespace.WhitespaceAroundCheck"/>
<error line="24" column="27" severity="error" message="&apos;if&apos; is not followed by whitespace." source="com.puppycrawl.tools.checkstyle.checks.whitespace.WhitespaceAroundCheck"/>
<error line="26" severity="error" message="Line is longer than 80 characters (found 122)." source="com.puppycrawl.tools.checkstyle.checks.sizes.LineLengthCheck"/>
</file>
<file name="/Users/grigoriy/Documents/workspace/laboratorysixteen/src/main/java/com/nixsolutions/laboratorysixteen/validator/impl/EmailFormatValidationRule.java">
<error line="11" severity="error" message="Missing a Javadoc comment." source="com.puppycrawl.tools.checkstyle.checks.javadoc.JavadocTypeCheck"/>
<error line="12" severity="error" message="Line has trailing spaces." source="com.puppycrawl.tools.checkstyle.checks.regexp.RegexpSinglelineCheck"/>
<error line="12" column="1" severity="error" message="File contains tab characters (this is the first instance)." source="com.puppycrawl.tools.checkstyle.checks.whitespace.FileTabCharacterCheck"/>
<error line="13" severity="error" message="Line is longer than 80 characters (found 81)." source="com.puppycrawl.tools.checkstyle.checks.sizes.LineLengthCheck"/>
<error line="13" column="9" severity="error" message="Missing a Javadoc comment." source="com.puppycrawl.tools.checkstyle.checks.javadoc.JavadocVariableCheck"/>
<error line="15" column="9" severity="error" message="Method &apos;validate&apos; is not designed for extension - needs to be abstract, final or empty." source="com.puppycrawl.tools.checkstyle.checks.design.DesignForExtensionCheck"/>
<error line="16" severity="error" message="Line is longer than 80 characters (found 83)." source="com.puppycrawl.tools.checkstyle.checks.sizes.LineLengthCheck"/>
<error line="16" column="38" severity="error" message="Parameter req should be final." source="com.puppycrawl.tools.checkstyle.checks.FinalParametersCheck"/>
<error line="16" column="62" severity="error" message="Parameter errors should be final." source="com.puppycrawl.tools.checkstyle.checks.FinalParametersCheck"/>
<error line="17" column="21" severity="error" message="&apos;(&apos; is followed by whitespace." source="com.puppycrawl.tools.checkstyle.checks.whitespace.ParenPadCheck"/>
<error line="18" severity="error" message="Line is longer than 80 characters (found 90)." source="com.puppycrawl.tools.checkstyle.checks.sizes.LineLengthCheck"/>
</file>
<file name="/Users/grigoriy/Documents/workspace/laboratorysixteen/src/main/java/com/nixsolutions/laboratorysixteen/validator/impl/FirstNameFormatValidationRule.java">
<error line="10" severity="error" message="Missing a Javadoc comment." source="com.puppycrawl.tools.checkstyle.checks.javadoc.JavadocTypeCheck"/>
<error line="12" severity="error" message="Line is longer than 80 characters (found 85)." source="com.puppycrawl.tools.checkstyle.checks.sizes.LineLengthCheck"/>
<error line="12" column="1" severity="error" message="File contains tab characters (this is the first instance)." source="com.puppycrawl.tools.checkstyle.checks.whitespace.FileTabCharacterCheck"/>
<error line="12" column="9" severity="error" message="Missing a Javadoc comment." source="com.puppycrawl.tools.checkstyle.checks.javadoc.JavadocVariableCheck"/>
<error line="14" column="9" severity="error" message="Method &apos;validate&apos; is not designed for extension - needs to be abstract, final or empty." source="com.puppycrawl.tools.checkstyle.checks.design.DesignForExtensionCheck"/>
<error line="15" severity="error" message="Line is longer than 80 characters (found 83)." source="com.puppycrawl.tools.checkstyle.checks.sizes.LineLengthCheck"/>
<error line="15" column="38" severity="error" message="Parameter req should be final." source="com.puppycrawl.tools.checkstyle.checks.FinalParametersCheck"/>
<error line="15" column="62" severity="error" message="Parameter errors should be final." source="com.puppycrawl.tools.checkstyle.checks.FinalParametersCheck"/>
<error line="16" severity="error" message="Line is longer than 80 characters (found 81)." source="com.puppycrawl.tools.checkstyle.checks.sizes.LineLengthCheck"/>
<error line="16" column="21" severity="error" message="&apos;(&apos; is followed by whitespace." source="com.puppycrawl.tools.checkstyle.checks.whitespace.ParenPadCheck"/>
<error line="17" severity="error" message="Line is longer than 80 characters (found 95)." source="com.puppycrawl.tools.checkstyle.checks.sizes.LineLengthCheck"/>
</file>
<file name="/Users/grigoriy/Documents/workspace/laboratorysixteen/src/main/java/com/nixsolutions/laboratorysixteen/validator/impl/LastNameFormatValidationRule.java">
<error line="0" severity="error" message="File does not end with a newline." source="com.puppycrawl.tools.checkstyle.checks.NewlineAtEndOfFileCheck"/>
<error line="11" severity="error" message="Missing a Javadoc comment." source="com.puppycrawl.tools.checkstyle.checks.javadoc.JavadocTypeCheck"/>
<error line="13" severity="error" message="Line is longer than 80 characters (found 84)." source="com.puppycrawl.tools.checkstyle.checks.sizes.LineLengthCheck"/>
<error line="13" column="1" severity="error" message="File contains tab characters (this is the first instance)." source="com.puppycrawl.tools.checkstyle.checks.whitespace.FileTabCharacterCheck"/>
<error line="13" column="9" severity="error" message="Missing a Javadoc comment." source="com.puppycrawl.tools.checkstyle.checks.javadoc.JavadocVariableCheck"/>
<error line="15" column="9" severity="error" message="Method &apos;validate&apos; is not designed for extension - needs to be abstract, final or empty." source="com.puppycrawl.tools.checkstyle.checks.design.DesignForExtensionCheck"/>
<error line="16" severity="error" message="Line is longer than 80 characters (found 83)." source="com.puppycrawl.tools.checkstyle.checks.sizes.LineLengthCheck"/>
<error line="16" column="38" severity="error" message="Parameter req should be final." source="com.puppycrawl.tools.checkstyle.checks.FinalParametersCheck"/>
<error line="16" column="62" severity="error" message="Parameter errors should be final." source="com.puppycrawl.tools.checkstyle.checks.FinalParametersCheck"/>
<error line="17" column="21" severity="error" message="&apos;(&apos; is followed by whitespace." source="com.puppycrawl.tools.checkstyle.checks.whitespace.ParenPadCheck"/>
<error line="18" severity="error" message="Line is longer than 80 characters (found 94)." source="com.puppycrawl.tools.checkstyle.checks.sizes.LineLengthCheck"/>
</file>
<file name="/Users/grigoriy/Documents/workspace/laboratorysixteen/src/main/java/com/nixsolutions/laboratorysixteen/validator/impl/LoginDuplicationValidationRule.java">
<error line="11" severity="error" message="Missing a Javadoc comment." source="com.puppycrawl.tools.checkstyle.checks.javadoc.JavadocTypeCheck"/>
<error line="12" column="1" severity="error" message="File contains tab characters (this is the first instance)." source="com.puppycrawl.tools.checkstyle.checks.whitespace.FileTabCharacterCheck"/>
<error line="12" column="9" severity="error" message="Missing a Javadoc comment." source="com.puppycrawl.tools.checkstyle.checks.javadoc.JavadocVariableCheck"/>
<error line="13" severity="error" message="Line has trailing spaces." source="com.puppycrawl.tools.checkstyle.checks.regexp.RegexpSinglelineCheck"/>
<error line="14" column="9" severity="error" message="Method &apos;validate&apos; is not designed for extension - needs to be abstract, final or empty." source="com.puppycrawl.tools.checkstyle.checks.design.DesignForExtensionCheck"/>
<error line="15" severity="error" message="Line is longer than 80 characters (found 83)." source="com.puppycrawl.tools.checkstyle.checks.sizes.LineLengthCheck"/>
<error line="15" column="38" severity="error" message="Parameter req should be final." source="com.puppycrawl.tools.checkstyle.checks.FinalParametersCheck"/>
<error line="15" column="62" severity="error" message="Parameter errors should be final." source="com.puppycrawl.tools.checkstyle.checks.FinalParametersCheck"/>
<error line="16" column="19" severity="error" message="&apos;if&apos; is not followed by whitespace." source="com.puppycrawl.tools.checkstyle.checks.whitespace.WhitespaceAroundCheck"/>
<error line="17" severity="error" message="Line is longer than 80 characters (found 114)." source="com.puppycrawl.tools.checkstyle.checks.sizes.LineLengthCheck"/>
</file>
<file name="/Users/grigoriy/Documents/workspace/laboratorysixteen/src/main/java/com/nixsolutions/laboratorysixteen/validator/impl/LoginFormatValidationRule.java">
<error line="11" severity="error" message="Missing a Javadoc comment." source="com.puppycrawl.tools.checkstyle.checks.javadoc.JavadocTypeCheck"/>
<error line="12" severity="error" message="Line is longer than 80 characters (found 81)." source="com.puppycrawl.tools.checkstyle.checks.sizes.LineLengthCheck"/>
<error line="12" column="1" severity="error" message="File contains tab characters (this is the first instance)." source="com.puppycrawl.tools.checkstyle.checks.whitespace.FileTabCharacterCheck"/>
<error line="12" column="9" severity="error" message="Missing a Javadoc comment." source="com.puppycrawl.tools.checkstyle.checks.javadoc.JavadocVariableCheck"/>
<error line="14" column="9" severity="error" message="Method &apos;validate&apos; is not designed for extension - needs to be abstract, final or empty." source="com.puppycrawl.tools.checkstyle.checks.design.DesignForExtensionCheck"/>
<error line="15" severity="error" message="Line is longer than 80 characters (found 83)." source="com.puppycrawl.tools.checkstyle.checks.sizes.LineLengthCheck"/>
<error line="15" column="38" severity="error" message="Parameter req should be final." source="com.puppycrawl.tools.checkstyle.checks.FinalParametersCheck"/>
<error line="15" column="62" severity="error" message="Parameter errors should be final." source="com.puppycrawl.tools.checkstyle.checks.FinalParametersCheck"/>
<error line="16" column="21" severity="error" message="&apos;(&apos; is followed by whitespace." source="com.puppycrawl.tools.checkstyle.checks.whitespace.ParenPadCheck"/>
<error line="17" severity="error" message="Line is longer than 80 characters (found 90)." source="com.puppycrawl.tools.checkstyle.checks.sizes.LineLengthCheck"/>
</file>
<file name="/Users/grigoriy/Documents/workspace/laboratorysixteen/src/main/java/com/nixsolutions/laboratorysixteen/validator/impl/LoginValidationRule.java">
<error line="11" severity="error" message="Missing a Javadoc comment." source="com.puppycrawl.tools.checkstyle.checks.javadoc.JavadocTypeCheck"/>
<error line="13" column="1" severity="error" message="Missing a Javadoc comment." source="com.puppycrawl.tools.checkstyle.checks.javadoc.JavadocVariableCheck"/>
<error line="14" severity="error" message="Line has trailing spaces." source="com.puppycrawl.tools.checkstyle.checks.regexp.RegexpSinglelineCheck"/>
<error line="14" column="1" severity="error" message="File contains tab characters (this is the first instance)." source="com.puppycrawl.tools.checkstyle.checks.whitespace.FileTabCharacterCheck"/>
<error line="15" column="9" severity="error" message="Method &apos;validate&apos; is not designed for extension - needs to be abstract, final or empty." source="com.puppycrawl.tools.checkstyle.checks.design.DesignForExtensionCheck"/>
<error line="16" severity="error" message="Line is longer than 80 characters (found 83)." source="com.puppycrawl.tools.checkstyle.checks.sizes.LineLengthCheck"/>
<error line="16" column="38" severity="error" message="Parameter req should be final." source="com.puppycrawl.tools.checkstyle.checks.FinalParametersCheck"/>
<error line="16" column="62" severity="error" message="Parameter errors should be final." source="com.puppycrawl.tools.checkstyle.checks.FinalParametersCheck"/>
<error line="17" column="19" severity="error" message="&apos;if&apos; is not followed by whitespace." source="com.puppycrawl.tools.checkstyle.checks.whitespace.WhitespaceAroundCheck"/>
<error line="18" severity="error" message="Line is longer than 80 characters (found 94)." source="com.puppycrawl.tools.checkstyle.checks.sizes.LineLengthCheck"/>
</file>
<file name="/Users/grigoriy/Documents/workspace/laboratorysixteen/src/main/java/com/nixsolutions/laboratorysixteen/validator/impl/PasswordAgainValidationRule.java">
<error line="8" severity="error" message="Missing a Javadoc comment." source="com.puppycrawl.tools.checkstyle.checks.javadoc.JavadocTypeCheck"/>
<error line="10" column="1" severity="error" message="File contains tab characters (this is the first instance)." source="com.puppycrawl.tools.checkstyle.checks.whitespace.FileTabCharacterCheck"/>
<error line="10" column="9" severity="error" message="Method &apos;validate&apos; is not designed for extension - needs to be abstract, final or empty." source="com.puppycrawl.tools.checkstyle.checks.design.DesignForExtensionCheck"/>
<error line="11" severity="error" message="Line is longer than 80 characters (found 83)." source="com.puppycrawl.tools.checkstyle.checks.sizes.LineLengthCheck"/>
<error line="11" column="38" severity="error" message="Parameter req should be final." source="com.puppycrawl.tools.checkstyle.checks.FinalParametersCheck"/>
<error line="11" column="62" severity="error" message="Parameter errors should be final." source="com.puppycrawl.tools.checkstyle.checks.FinalParametersCheck"/>
<error line="12" severity="error" message="Line is longer than 80 characters (found 94)." source="com.puppycrawl.tools.checkstyle.checks.sizes.LineLengthCheck"/>
<error line="13" severity="error" message="Line is longer than 80 characters (found 102)." source="com.puppycrawl.tools.checkstyle.checks.sizes.LineLengthCheck"/>
</file>
<file name="/Users/grigoriy/Documents/workspace/laboratorysixteen/src/main/java/com/nixsolutions/laboratorysixteen/validator/impl/PasswordFormatValidationRule.java">
<error line="10" severity="error" message="Missing a Javadoc comment." source="com.puppycrawl.tools.checkstyle.checks.javadoc.JavadocTypeCheck"/>
<error line="12" column="1" severity="error" message="Missing a Javadoc comment." source="com.puppycrawl.tools.checkstyle.checks.javadoc.JavadocVariableCheck"/>
<error line="14" column="1" severity="error" message="Method &apos;validate&apos; is not designed for extension - needs to be abstract, final or empty." source="com.puppycrawl.tools.checkstyle.checks.design.DesignForExtensionCheck"/>
<error line="15" column="30" severity="error" message="Parameter req should be final." source="com.puppycrawl.tools.checkstyle.checks.FinalParametersCheck"/>
<error line="15" column="54" severity="error" message="Parameter errors should be final." source="com.puppycrawl.tools.checkstyle.checks.FinalParametersCheck"/>
<error line="16" column="1" severity="error" message="File contains tab characters (this is the first instance)." source="com.puppycrawl.tools.checkstyle.checks.whitespace.FileTabCharacterCheck"/>
<error line="16" column="13" severity="error" message="&apos;(&apos; is followed by whitespace." source="com.puppycrawl.tools.checkstyle.checks.whitespace.ParenPadCheck"/>
<error line="17" severity="error" message="Line is longer than 80 characters (found 205)." source="com.puppycrawl.tools.checkstyle.checks.sizes.LineLengthCheck"/>
</file>
<file name="/Users/grigoriy/Documents/workspace/laboratorysixteen/src/main/java/com/nixsolutions/laboratorysixteen/validator/impl/PasswordValidationRule.java">
<error line="10" severity="error" message="Missing a Javadoc comment." source="com.puppycrawl.tools.checkstyle.checks.javadoc.JavadocTypeCheck"/>
<error line="11" column="1" severity="error" message="File contains tab characters (this is the first instance)." source="com.puppycrawl.tools.checkstyle.checks.whitespace.FileTabCharacterCheck"/>
<error line="11" column="9" severity="error" message="Missing a Javadoc comment." source="com.puppycrawl.tools.checkstyle.checks.javadoc.JavadocVariableCheck"/>
<error line="12" severity="error" message="Line has trailing spaces." source="com.puppycrawl.tools.checkstyle.checks.regexp.RegexpSinglelineCheck"/>
<error line="13" column="9" severity="error" message="Method &apos;validate&apos; is not designed for extension - needs to be abstract, final or empty." source="com.puppycrawl.tools.checkstyle.checks.design.DesignForExtensionCheck"/>
<error line="14" severity="error" message="Line is longer than 80 characters (found 83)." source="com.puppycrawl.tools.checkstyle.checks.sizes.LineLengthCheck"/>
<error line="14" column="38" severity="error" message="Parameter req should be final." source="com.puppycrawl.tools.checkstyle.checks.FinalParametersCheck"/>
<error line="14" column="62" severity="error" message="Parameter errors should be final." source="com.puppycrawl.tools.checkstyle.checks.FinalParametersCheck"/>
<error line="15" severity="error" message="Line is longer than 80 characters (found 103)." source="com.puppycrawl.tools.checkstyle.checks.sizes.LineLengthCheck"/>
<error line="15" column="19" severity="error" message="&apos;if&apos; is not followed by whitespace." source="com.puppycrawl.tools.checkstyle.checks.whitespace.WhitespaceAroundCheck"/>
<error line="16" severity="error" message="Line is longer than 80 characters (found 81)." source="com.puppycrawl.tools.checkstyle.checks.sizes.LineLengthCheck"/>
</file>
<file name="/Users/grigoriy/Documents/workspace/laboratorysixteen/src/main/java/com/nixsolutions/laboratorysixteen/validator/Validator.java">
<error line="0" severity="error" message="Missing package-info.java file." source="com.puppycrawl.tools.checkstyle.checks.javadoc.JavadocPackageCheck"/>
<error line="7" severity="error" message="Missing a Javadoc comment." source="com.puppycrawl.tools.checkstyle.checks.javadoc.JavadocTypeCheck"/>
<error line="8" severity="error" message="Line has trailing spaces." source="com.puppycrawl.tools.checkstyle.checks.regexp.RegexpSinglelineCheck"/>
<error line="8" column="1" severity="error" message="File contains tab characters (this is the first instance)." source="com.puppycrawl.tools.checkstyle.checks.whitespace.FileTabCharacterCheck"/>
<error line="9" severity="error" message="Line is longer than 80 characters (found 82)." source="com.puppycrawl.tools.checkstyle.checks.sizes.LineLengthCheck"/>
<error line="9" column="9" severity="error" message="Missing a Javadoc comment." source="com.puppycrawl.tools.checkstyle.checks.javadoc.JavadocMethodCheck"/>
<error line="9" column="9" severity="error" message="Redundant &apos;public&apos; modifier." source="com.puppycrawl.tools.checkstyle.checks.modifier.RedundantModifierCheck"/>
</file>
</checkstyle>
